<?xml version="1.0" encoding="UTF-8"?>
<testsuite xmlns:xsi="http://www.w3.org/2001/XMLSchema-instance" xsi:noNamespaceSchemaLocation="https://maven.apache.org/surefire/maven-surefire-plugin/xsd/surefire-test-report-3.0.xsd" version="3.0" name="com.backend_xeercise.taskmanagementsystem.TaskmanagementsystemApplicationTests" time="10.222" tests="1" errors="0" skipped="0" failures="0">
  <properties>
[...]
</properties>
  <testcase name="contextLoads" classname="com.backend_xeercise.taskmanagementsystem.TaskmanagementsystemApplicationTests" time="0.534">
    <system-out><![CDATA[21:29:37.496 [main] INFO org.springframework.test.context.support.AnnotationConfigContextLoaderUtils -- Could not detect default configuration classes for test class [com.backend_xeercise.taskmanagementsystem.TaskmanagementsystemApplicationTests]: TaskmanagementsystemApplicationTests does not declare any static, non-private, non-final, nested classes annotated with @Configuration.
21:29:37.675 [main] INFO org.springframework.boot.test.context.SpringBootTestContextBootstrapper -- Found @SpringBootConfiguration com.backend_xeercise.taskmanagementsystem.TaskmanagementsystemApplication for test class com.backend_xeercise.taskmanagementsystem.TaskmanagementsystemApplicationTests
21:29:37.891 [main] INFO org.springframework.boot.devtools.restart.RestartApplicationListener -- Restart disabled due to context in which it is running

  .   ____          _            __ _ _
 /\\ / ___'_ __ _ _(_)_ __  __ _ \ \ \ \
( ( )\___ | '_ | '_| | '_ \/ _` | \ \ \ \
 \\/  ___)| |_)| | | | | || (_| |  ) ) ) )
  '  |____| .__|_| |_|_| |_\__, | / / / /
 =========|_|==============|___/=/_/_/_/

 :: Spring Boot ::                (v3.3.2)

2024-07-28T21:29:38.365+03:00  INFO 841292 --- [taskmanagementsystem] [           main] b.t.TaskmanagementsystemApplicationTests : Starting TaskmanagementsystemApplicationTests using Java 17.0.11 with PID 841292 (started by enno in /home/enno/Backend_Exercise)
2024-07-28T21:29:38.369+03:00  INFO 841292 --- [taskmanagementsystem] [           main] b.t.TaskmanagementsystemApplicationTests : No active profile set, falling back to 1 default profile: "default"
2024-07-28T21:29:38.370+03:00 DEBUG 841292 --- [taskmanagementsystem] [           main] o.s.boot.SpringApplication               : Loading source class com.backend_xeercise.taskmanagementsystem.TaskmanagementsystemApplication
2024-07-28T21:29:38.541+03:00 DEBUG 841292 --- [taskmanagementsystem] [           main] o.s.w.c.s.GenericWebApplicationContext   : Refreshing org.springframework.web.context.support.GenericWebApplicationContext@21ca139c
2024-07-28T21:29:38.618+03:00 DEBUG 841292 --- [taskmanagementsystem] [           main] o.s.b.f.s.DefaultListableBeanFactory     : Creating shared instance of singleton bean 'org.springframework.context.annotation.internalConfigurationAnnotationProcessor'
2024-07-28T21:29:38.677+03:00 DEBUG 841292 --- [taskmanagementsystem] [           main] o.s.b.f.s.DefaultListableBeanFactory     : Creating shared instance of singleton bean 'org.springframework.boot.autoconfigure.internalCachingMetadataReaderFactory'
2024-07-28T21:29:38.850+03:00 DEBUG 841292 --- [taskmanagementsystem] [           main] o.s.c.a.ClassPathBeanDefinitionScanner   : Identified candidate component class: file [/home/enno/Backend_Exercise/target/classes/com/backend_xeercise/taskmanagementsystem/configration/AppConfig.class]
2024-07-28T21:29:38.887+03:00 DEBUG 841292 --- [taskmanagementsystem] [           main] o.s.c.a.ClassPathBeanDefinitionScanner   : Identified candidate component class: file [/home/enno/Backend_Exercise/target/classes/com/backend_xeercise/taskmanagementsystem/controller/AuthControllerWeb.class]
2024-07-28T21:29:38.900+03:00 DEBUG 841292 --- [taskmanagementsystem] [           main] o.s.c.a.ClassPathBeanDefinitionScanner   : Identified candidate component class: file [/home/enno/Backend_Exercise/target/classes/com/backend_xeercise/taskmanagementsystem/controller/TasksController.class]
2024-07-28T21:29:38.907+03:00 DEBUG 841292 --- [taskmanagementsystem] [           main] o.s.c.a.ClassPathBeanDefinitionScanner   : Identified candidate component class: file [/home/enno/Backend_Exercise/target/classes/com/backend_xeercise/taskmanagementsystem/controller/UserRoleController.class]
2024-07-28T21:29:38.914+03:00 DEBUG 841292 --- [taskmanagementsystem] [           main] o.s.c.a.ClassPathBeanDefinitionScanner   : Identified candidate component class: file [/home/enno/Backend_Exercise/target/classes/com/backend_xeercise/taskmanagementsystem/controller/UsersWebController.class]
2024-07-28T21:29:38.951+03:00 DEBUG 841292 --- [taskmanagementsystem] [           main] o.s.c.a.ClassPathBeanDefinitionScanner   : Identified candidate component class: file [/home/enno/Backend_Exercise/target/classes/com/backend_xeercise/taskmanagementsystem/error/GlobalExceptionHandler.class]
2024-07-28T21:29:38.982+03:00 DEBUG 841292 --- [taskmanagementsystem] [           main] o.s.c.a.ClassPathBeanDefinitionScanner   : Identified candidate component class: file [/home/enno/Backend_Exercise/target/classes/com/backend_xeercise/taskmanagementsystem/restcontroller/AuthController.class]
2024-07-28T21:29:39.012+03:00 DEBUG 841292 --- [taskmanagementsystem] [           main] o.s.c.a.ClassPathBeanDefinitionScanner   : Identified candidate component class: file [/home/enno/Backend_Exercise/target/classes/com/backend_xeercise/taskmanagementsystem/restcontroller/TasksRestController.class]
2024-07-28T21:29:39.013+03:00 DEBUG 841292 --- [taskmanagementsystem] [           main] o.s.c.a.ClassPathBeanDefinitionScanner   : Identified candidate component class: file [/home/enno/Backend_Exercise/target/classes/com/backend_xeercise/taskmanagementsystem/restcontroller/UserRoleRestController.class]
2024-07-28T21:29:39.023+03:00 DEBUG 841292 --- [taskmanagementsystem] [           main] o.s.c.a.ClassPathBeanDefinitionScanner   : Identified candidate component class: file [/home/enno/Backend_Exercise/target/classes/com/backend_xeercise/taskmanagementsystem/restcontroller/UsersRestController.class]
2024-07-28T21:29:39.044+03:00 DEBUG 841292 --- [taskmanagementsystem] [           main] o.s.c.a.ClassPathBeanDefinitionScanner   : Identified candidate component class: file [/home/enno/Backend_Exercise/target/classes/com/backend_xeercise/taskmanagementsystem/security/SecurityConfig.class]
2024-07-28T21:29:39.052+03:00 DEBUG 841292 --- [taskmanagementsystem] [           main] o.s.c.a.ClassPathBeanDefinitionScanner   : Identified candidate component class: file [/home/enno/Backend_Exercise/target/classes/com/backend_xeercise/taskmanagementsystem/service/CustomUserDetailsService.class]
2024-07-28T21:29:39.056+03:00 DEBUG 841292 --- [taskmanagementsystem] [           main] o.s.c.a.ClassPathBeanDefinitionScanner   : Identified candidate component class: file [/home/enno/Backend_Exercise/target/classes/com/backend_xeercise/taskmanagementsystem/service/TasksCRUD.class]
2024-07-28T21:29:39.061+03:00 DEBUG 841292 --- [taskmanagementsystem] [           main] o.s.c.a.ClassPathBeanDefinitionScanner   : Identified candidate component class: file [/home/enno/Backend_Exercise/target/classes/com/backend_xeercise/taskmanagementsystem/service/UserRoleCRUD.class]
2024-07-28T21:29:39.064+03:00 DEBUG 841292 --- [taskmanagementsystem] [           main] o.s.c.a.ClassPathBeanDefinitionScanner   : Identified candidate component class: file [/home/enno/Backend_Exercise/target/classes/com/backend_xeercise/taskmanagementsystem/service/UsersCRUD.class]
2024-07-28T21:29:39.196+03:00 DEBUG 841292 --- [taskmanagementsystem] [           main] o.s.c.a.ClassPathBeanDefinitionScanner   : Identified candidate component class: file [/home/enno/Backend_Exercise/target/classes/com/backend_xeercise/taskmanagementsystem/TaskmanagementsystemApplication.class]
2024-07-28T21:29:39.197+03:00 DEBUG 841292 --- [taskmanagementsystem] [           main] o.s.c.a.ClassPathBeanDefinitionScanner   : Identified candidate component class: file [/home/enno/Backend_Exercise/target/classes/com/backend_xeercise/taskmanagementsystem/controller/AuthControllerWeb.class]
2024-07-28T21:29:39.198+03:00 DEBUG 841292 --- [taskmanagementsystem] [           main] o.s.c.a.ClassPathBeanDefinitionScanner   : Identified candidate component class: file [/home/enno/Backend_Exercise/target/classes/com/backend_xeercise/taskmanagementsystem/controller/TasksController.class]
2024-07-28T21:29:39.201+03:00 DEBUG 841292 --- [taskmanagementsystem] [           main] o.s.c.a.ClassPathBeanDefinitionScanner   : Identified candidate component class: file [/home/enno/Backend_Exercise/target/classes/com/backend_xeercise/taskmanagementsystem/controller/UserRoleController.class]
2024-07-28T21:29:39.203+03:00 DEBUG 841292 --- [taskmanagementsystem] [           main] o.s.c.a.ClassPathBeanDefinitionScanner   : Identified candidate component class: file [/home/enno/Backend_Exercise/target/classes/com/backend_xeercise/taskmanagementsystem/controller/UsersWebController.class]
2024-07-28T21:29:39.204+03:00 DEBUG 841292 --- [taskmanagementsystem] [           main] o.s.c.a.ClassPathBeanDefinitionScanner   : Identified candidate component class: file [/home/enno/Backend_Exercise/target/classes/com/backend_xeercise/taskmanagementsystem/error/GlobalExceptionHandler.class]
2024-07-28T21:29:39.205+03:00 DEBUG 841292 --- [taskmanagementsystem] [           main] o.s.c.a.ClassPathBeanDefinitionScanner   : Identified candidate component class: file [/home/enno/Backend_Exercise/target/classes/com/backend_xeercise/taskmanagementsystem/restcontroller/AuthController.class]
2024-07-28T21:29:39.216+03:00 DEBUG 841292 --- [taskmanagementsystem] [           main] o.s.c.a.ClassPathBeanDefinitionScanner   : Identified candidate component class: file [/home/enno/Backend_Exercise/target/classes/com/backend_xeercise/taskmanagementsystem/restcontroller/TasksRestController.class]
2024-07-28T21:29:39.217+03:00 DEBUG 841292 --- [taskmanagementsystem] [           main] o.s.c.a.ClassPathBeanDefinitionScanner   : Identified candidate component class: file [/home/enno/Backend_Exercise/target/classes/com/backend_xeercise/taskmanagementsystem/restcontroller/UserRoleRestController.class]
2024-07-28T21:29:39.217+03:00 DEBUG 841292 --- [taskmanagementsystem] [           main] o.s.c.a.ClassPathBeanDefinitionScanner   : Identified candidate component class: file [/home/enno/Backend_Exercise/target/classes/com/backend_xeercise/taskmanagementsystem/restcontroller/UsersRestController.class]
2024-07-28T21:29:39.218+03:00 DEBUG 841292 --- [taskmanagementsystem] [           main] o.s.c.a.ClassPathBeanDefinitionScanner   : Identified candidate component class: file [/home/enno/Backend_Exercise/target/classes/com/backend_xeercise/taskmanagementsystem/security/SecurityConfig.class]
2024-07-28T21:29:39.218+03:00 DEBUG 841292 --- [taskmanagementsystem] [           main] o.s.c.a.ClassPathBeanDefinitionScanner   : Identified candidate component class: file [/home/enno/Backend_Exercise/target/classes/com/backend_xeercise/taskmanagementsystem/service/CustomUserDetailsService.class]
2024-07-28T21:29:39.218+03:00 DEBUG 841292 --- [taskmanagementsystem] [           main] o.s.c.a.ClassPathBeanDefinitionScanner   : Identified candidate component class: file [/home/enno/Backend_Exercise/target/classes/com/backend_xeercise/taskmanagementsystem/service/TasksCRUD.class]
2024-07-28T21:29:39.219+03:00 DEBUG 841292 --- [taskmanagementsystem] [           main] o.s.c.a.ClassPathBeanDefinitionScanner   : Identified candidate component class: file [/home/enno/Backend_Exercise/target/classes/com/backend_xeercise/taskmanagementsystem/service/UserRoleCRUD.class]
2024-07-28T21:29:39.219+03:00 DEBUG 841292 --- [taskmanagementsystem] [           main] o.s.c.a.ClassPathBeanDefinitionScanner   : Identified candidate component class: file [/home/enno/Backend_Exercise/target/classes/com/backend_xeercise/taskmanagementsystem/service/UsersCRUD.class]
2024-07-28T21:29:40.841+03:00  INFO 841292 --- [taskmanagementsystem] [           main] .s.d.r.c.RepositoryConfigurationDelegate : Bootstrapping Spring Data JPA repositories in DEFAULT mode.
2024-07-28T21:29:40.850+03:00 DEBUG 841292 --- [taskmanagementsystem] [           main] o.s.b.f.s.DefaultListableBeanFactory     : Creating shared instance of singleton bean 'org.springframework.boot.autoconfigure.AutoConfigurationPackages'
2024-07-28T21:29:40.860+03:00 DEBUG 841292 --- [taskmanagementsystem] [           main] o.s.b.a.AutoConfigurationPackages        : @EnableAutoConfiguration was declared on a class in the package 'com.backend_xeercise.taskmanagementsystem'. Automatic @Repository and @Entity scanning is enabled.
2024-07-28T21:29:40.862+03:00 DEBUG 841292 --- [taskmanagementsystem] [           main] .s.d.r.c.RepositoryConfigurationDelegate : Scanning for JPA repositories in packages com.backend_xeercise.taskmanagementsystem.
2024-07-28T21:29:40.878+03:00 DEBUG 841292 --- [taskmanagementsystem] [           main] o.s.d.r.c.RepositoryComponentProvider    : Identified candidate component class: file [/home/enno/Backend_Exercise/target/classes/com/backend_xeercise/taskmanagementsystem/dataaccessopject/TasksAccOp.class]
2024-07-28T21:29:40.879+03:00 DEBUG 841292 --- [taskmanagementsystem] [           main] o.s.d.r.c.RepositoryComponentProvider    : Identified candidate component class: file [/home/enno/Backend_Exercise/target/classes/com/backend_xeercise/taskmanagementsystem/dataaccessopject/UserRoleAccessOpj.class]
2024-07-28T21:29:40.879+03:00 DEBUG 841292 --- [taskmanagementsystem] [           main] o.s.d.r.c.RepositoryComponentProvider    : Identified candidate component class: file [/home/enno/Backend_Exercise/target/classes/com/backend_xeercise/taskmanagementsystem/dataaccessopject/UsersAccOp.class]
2024-07-28T21:29:40.952+03:00  INFO 841292 --- [taskmanagementsystem] [           main] .s.d.r.c.RepositoryConfigurationDelegate : Finished Spring Data repository scanning in 87 ms. Found 3 JPA repository interfaces.
2024-07-28T21:29:41.178+03:00 DEBUG 841292 --- [taskmanagementsystem] [           main] o.s.b.f.s.DefaultListableBeanFactory     : Creating shared instance of singleton bean 'springSecurityHandlerMappingIntrospectorBeanDefinitionRegistryPostProcessor'
2024-07-28T21:29:41.315+03:00 DEBUG 841292 --- [taskmanagementsystem] [           main] o.s.b.f.s.DefaultListableBeanFactory     : Creating shared instance of singleton bean 'propertySourcesPlaceholderConfigurer'
2024-07-28T21:29:41.322+03:00 DEBUG 841292 --- [taskmanagementsystem] [           main] o.s.b.f.s.DefaultListableBeanFactory     : Creating shared instance of singleton bean 'org.springframework.boot.test.mock.mockito.MockitoPostProcessor'
2024-07-28T21:29:41.324+03:00 DEBUG 841292 --- [taskmanagementsystem] [           main] o.s.b.f.s.DefaultListableBeanFactory     : Creating shared instance of singleton bean 'emBeanDefinitionRegistrarPostProcessor'
2024-07-28T21:29:41.325+03:00 DEBUG 841292 --- [taskmanagementsystem] [           main] o.s.b.f.s.DefaultListableBeanFactory     : Creating shared instance of singleton bean 'org.springframework.boot.sql.init.dependency.DatabaseInitializationDependencyConfigurer$DependsOnDatabaseInitializationPostProcessor'
2024-07-28T21:29:41.416+03:00 DEBUG 841292 --- [taskmanagementsystem] [           main] o.s.b.f.s.DefaultListableBeanFactory     : Creating shared instance of singleton bean 'org.springframework.context.event.internalEventListenerProcessor'
2024-07-28T21:29:41.418+03:00 DEBUG 841292 --- [taskmanagementsystem] [           main] o.s.b.f.s.DefaultListableBeanFactory     : Creating shared instance of singleton bean 'conversionServicePostProcessor'
2024-07-28T21:29:41.432+03:00 DEBUG 841292 --- [taskmanagementsystem] [           main] o.s.b.f.s.DefaultListableBeanFactory     : Creating shared instance of singleton bean 'preserveErrorControllerTargetClassPostProcessor'
2024-07-28T21:29:41.433+03:00 DEBUG 841292 --- [taskmanagementsystem] [           main] o.s.b.f.s.DefaultListableBeanFactory     : Creating shared instance of singleton bean 'org.springframework.context.event.internalEventListenerFactory'
2024-07-28T21:29:41.434+03:00 DEBUG 841292 --- [taskmanagementsystem] [           main] o.s.b.f.s.DefaultListableBeanFactory     : Creating shared instance of singleton bean 'org.springframework.transaction.config.internalTransactionalEventListenerFactory'
2024-07-28T21:29:41.439+03:00 DEBUG 841292 --- [taskmanagementsystem] [           main] o.s.b.f.s.DefaultListableBeanFactory     : Creating shared instance of singleton bean 'org.springframework.boot.test.mock.mockito.MockitoPostProcessor$SpyPostProcessor'
2024-07-28T21:29:41.440+03:00 DEBUG 841292 --- [taskmanagementsystem] [           main] o.s.b.f.s.DefaultListableBeanFactory     : Creating shared instance of singleton bean 'org.springframework.context.annotation.internalAutowiredAnnotationProcessor'
2024-07-28T21:29:41.442+03:00 DEBUG 841292 --- [taskmanagementsystem] [           main] o.s.b.f.s.DefaultListableBeanFactory     : Creating shared instance of singleton bean 'org.springframework.context.annotation.internalCommonAnnotationProcessor'
2024-07-28T21:29:41.446+03:00 DEBUG 841292 --- [taskmanagementsystem] [           main] o.s.b.f.s.DefaultListableBeanFactory     : Creating shared instance of singleton bean 'org.springframework.context.annotation.internalPersistenceAnnotationProcessor'
2024-07-28T21:29:41.447+03:00 DEBUG 841292 --- [taskmanagementsystem] [           main] o.s.b.f.s.DefaultListableBeanFactory     : Creating shared instance of singleton bean 'org.springframework.boot.context.properties.ConfigurationPropertiesBindingPostProcessor'
2024-07-28T21:29:41.448+03:00 DEBUG 841292 --- [taskmanagementsystem] [           main] o.s.b.f.s.DefaultListableBeanFactory     : Creating shared instance of singleton bean 'org.springframework.boot.context.internalConfigurationPropertiesBinder'
2024-07-28T21:29:41.451+03:00 DEBUG 841292 --- [taskmanagementsystem] [           main] o.s.b.f.s.DefaultListableBeanFactory     : Creating shared instance of singleton bean 'methodValidationPostProcessor'
2024-07-28T21:29:41.476+03:00 DEBUG 841292 --- [taskmanagementsystem] [           main] o.s.b.f.s.DefaultListableBeanFactory     : Autowiring by type from bean name 'methodValidationPostProcessor' via factory method to bean named 'environment'
2024-07-28T21:29:41.478+03:00 DEBUG 841292 --- [taskmanagementsystem] [           main] o.s.b.f.s.DefaultListableBeanFactory     : Creating shared instance of singleton bean 'org.springframework.boot.context.properties.EnableConfigurationPropertiesRegistrar.methodValidationExcludeFilter'
2024-07-28T21:29:41.498+03:00 DEBUG 841292 --- [taskmanagementsystem] [           main] o.s.b.f.s.DefaultListableBeanFactory     : Creating shared instance of singleton bean 'org.springframework.aop.config.internalAutoProxyCreator'
2024-07-28T21:29:41.512+03:00 DEBUG 841292 --- [taskmanagementsystem] [           main] o.s.b.f.s.DefaultListableBeanFactory     : Creating shared instance of singleton bean 'persistenceExceptionTranslationPostProcessor'
2024-07-28T21:29:41.513+03:00 DEBUG 841292 --- [taskmanagementsystem] [           main] o.s.b.f.s.DefaultListableBeanFactory     : Autowiring by type from bean name 'persistenceExceptionTranslationPostProcessor' via factory method to bean named 'environment'
2024-07-28T21:29:41.515+03:00 DEBUG 841292 --- [taskmanagementsystem] [           main] o.s.b.f.s.DefaultListableBeanFactory     : Creating shared instance of singleton bean 'webServerFactoryCustomizerBeanPostProcessor'
2024-07-28T21:29:41.516+03:00 DEBUG 841292 --- [taskmanagementsystem] [           main] o.s.b.f.s.DefaultListableBeanFactory     : Creating shared instance of singleton bean 'errorPageRegistrarBeanPostProcessor'
2024-07-28T21:29:41.517+03:00 DEBUG 841292 --- [taskmanagementsystem] [           main] o.s.b.f.s.DefaultListableBeanFactory     : Creating shared instance of singleton bean 'healthEndpointGroupsBeanPostProcessor'
2024-07-28T21:29:41.518+03:00 DEBUG 841292 --- [taskmanagementsystem] [           main] o.s.b.f.s.DefaultListableBeanFactory     : Creating shared instance of singleton bean 'org.springframework.transaction.config.internalTransactionAdvisor'
2024-07-28T21:29:41.519+03:00 DEBUG 841292 --- [taskmanagementsystem] [           main] o.s.b.f.s.DefaultListableBeanFactory     : Creating shared instance of singleton bean 'org.springframework.transaction.annotation.ProxyTransactionManagementConfiguration'
2024-07-28T21:29:41.537+03:00 DEBUG 841292 --- [taskmanagementsystem] [           main] .s.a.a.a.ReflectiveAspectJAdvisorFactory : Found AspectJ method: public java.lang.Object io.micrometer.observation.aop.ObservedAspect.observeClass(org.aspectj.lang.ProceedingJoinPoint) throws java.lang.Throwable
2024-07-28T21:29:41.538+03:00 DEBUG 841292 --- [taskmanagementsystem] [           main] .s.a.a.a.ReflectiveAspectJAdvisorFactory : Found AspectJ method: public java.lang.Object io.micrometer.observation.aop.ObservedAspect.observeMethod(org.aspectj.lang.ProceedingJoinPoint) throws java.lang.Throwable
2024-07-28T21:29:41.789+03:00 DEBUG 841292 --- [taskmanagementsystem] [           main] o.s.b.f.s.DefaultListableBeanFactory     : Creating shared instance of singleton bean 'transactionAttributeSource'
2024-07-28T21:29:41.796+03:00 DEBUG 841292 --- [taskmanagementsystem] [           main] o.s.b.f.s.DefaultListableBeanFactory     : Creating shared instance of singleton bean 'transactionInterceptor'
2024-07-28T21:29:41.797+03:00 DEBUG 841292 --- [taskmanagementsystem] [           main] o.s.b.f.s.DefaultListableBeanFactory     : Autowiring by type from bean name 'transactionInterceptor' via factory method to bean named 'transactionAttributeSource'
2024-07-28T21:29:41.802+03:00 DEBUG 841292 --- [taskmanagementsystem] [           main] o.s.b.f.s.DefaultListableBeanFactory     : Autowiring by type from bean name 'org.springframework.transaction.config.internalTransactionAdvisor' via factory method to bean named 'transactionAttributeSource'
2024-07-28T21:29:41.802+03:00 DEBUG 841292 --- [taskmanagementsystem] [           main] o.s.b.f.s.DefaultListableBeanFactory     : Autowiring by type from bean name 'org.springframework.transaction.config.internalTransactionAdvisor' via factory method to bean named 'transactionInterceptor'
2024-07-28T21:29:41.809+03:00 DEBUG 841292 --- [taskmanagementsystem] [           main] o.s.b.f.s.DefaultListableBeanFactory     : Creating shared instance of singleton bean 'meterRegistryPostProcessor'
2024-07-28T21:29:41.811+03:00 DEBUG 841292 --- [taskmanagementsystem] [           main] o.s.b.f.s.DefaultListableBeanFactory     : Autowiring by type from bean name 'meterRegistryPostProcessor' via factory method to bean named 'org.springframework.web.context.support.GenericWebApplicationContext@21ca139c'
2024-07-28T21:29:41.816+03:00 DEBUG 841292 --- [taskmanagementsystem] [           main] o.s.b.f.s.DefaultListableBeanFactory     : Creating shared instance of singleton bean 'metricsRepositoryMethodInvocationListenerBeanPostProcessor'
2024-07-28T21:29:41.818+03:00 DEBUG 841292 --- [taskmanagementsystem] [           main] o.s.b.f.s.DefaultListableBeanFactory     : Creating shared instance of singleton bean 'observationRegistryPostProcessor'
2024-07-28T21:29:41.822+03:00 DEBUG 841292 --- [taskmanagementsystem] [           main] o.s.b.f.s.DefaultListableBeanFactory     : Creating shared instance of singleton bean 'projectingArgumentResolverBeanPostProcessor'
2024-07-28T21:29:41.844+03:00 DEBUG 841292 --- [taskmanagementsystem] [           main] o.s.u.c.s.UiApplicationContextUtils      : Unable to locate ThemeSource with name 'themeSource': using default [org.springframework.ui.context.support.ResourceBundleThemeSource@53dd42d6]
2024-07-28T21:29:41.846+03:00 DEBUG 841292 --- [taskmanagementsystem] [           main] o.s.b.f.s.DefaultListableBeanFactory     : Creating shared instance of singleton bean 'dataSourceScriptDatabaseInitializer'
2024-07-28T21:29:41.846+03:00 DEBUG 841292 --- [taskmanagementsystem] [           main] o.s.b.f.s.DefaultListableBeanFactory     : Creating shared instance of singleton bean 'org.springframework.boot.autoconfigure.sql.init.DataSourceInitializationConfiguration'
2024-07-28T21:29:41.852+03:00 DEBUG 841292 --- [taskmanagementsystem] [           main] o.s.b.f.s.DefaultListableBeanFactory     : Creating shared instance of singleton bean 'getDataSource'
2024-07-28T21:29:41.852+03:00 DEBUG 841292 --- [taskmanagementsystem] [           main] o.s.b.f.s.DefaultListableBeanFactory     : Creating shared instance of singleton bean 'appConfig'
2024-07-28T21:29:41.873+03:00 DEBUG 841292 --- [taskmanagementsystem] [           main] o.s.j.d.DriverManagerDataSource          : Loaded JDBC driver: com.mysql.cj.jdbc.Driver
2024-07-28T21:29:41.891+03:00 DEBUG 841292 --- [taskmanagementsystem] [           main] o.s.b.f.s.DefaultListableBeanFactory     : Creating shared instance of singleton bean 'spring.sql.init-org.springframework.boot.autoconfigure.sql.init.SqlInitializationProperties'
2024-07-28T21:29:41.894+03:00 DEBUG 841292 --- [taskmanagementsystem] [           main] o.s.b.f.s.DefaultListableBeanFactory     : Creating shared instance of singleton bean 'org.springframework.boot.context.properties.BoundConfigurationProperties'
2024-07-28T21:29:41.931+03:00 DEBUG 841292 --- [taskmanagementsystem] [           main] o.s.b.f.s.DefaultListableBeanFactory     : Autowiring by type from bean name 'dataSourceScriptDatabaseInitializer' via factory method to bean named 'getDataSource'
2024-07-28T21:29:41.931+03:00 DEBUG 841292 --- [taskmanagementsystem] [           main] o.s.b.f.s.DefaultListableBeanFactory     : Autowiring by type from bean name 'dataSourceScriptDatabaseInitializer' via factory method to bean named 'spring.sql.init-org.springframework.boot.autoconfigure.sql.init.SqlInitializationProperties'
2024-07-28T21:29:41.946+03:00 DEBUG 841292 --- [taskmanagementsystem] [           main] o.s.b.f.s.DefaultListableBeanFactory     : Creating shared instance of singleton bean 'entityManagerFactory'
2024-07-28T21:29:41.947+03:00 DEBUG 841292 --- [taskmanagementsystem] [           main] o.s.b.f.s.DefaultListableBeanFactory     : Creating shared instance of singleton bean 'org.springframework.boot.autoconfigure.orm.jpa.HibernateJpaConfiguration'
2024-07-28T21:29:41.949+03:00 DEBUG 841292 --- [taskmanagementsystem] [           main] o.s.b.f.s.DefaultListableBeanFactory     : Creating shared instance of singleton bean 'spring.jpa-org.springframework.boot.autoconfigure.orm.jpa.JpaProperties'
2024-07-28T21:29:41.962+03:00 DEBUG 841292 --- [taskmanagementsystem] [           main] o.s.b.f.s.DefaultListableBeanFactory     : Creating shared instance of singleton bean 'spring.jpa.hibernate-org.springframework.boot.autoconfigure.orm.jpa.HibernateProperties'
2024-07-28T21:29:41.969+03:00 DEBUG 841292 --- [taskmanagementsystem] [           main] o.s.b.f.s.DefaultListableBeanFactory     : Autowiring by type from bean name 'org.springframework.boot.autoconfigure.orm.jpa.HibernateJpaConfiguration' via constructor to bean named 'getDataSource'
2024-07-28T21:29:41.970+03:00 DEBUG 841292 --- [taskmanagementsystem] [           main] o.s.b.f.s.DefaultListableBeanFactory     : Autowiring by type from bean name 'org.springframework.boot.autoconfigure.orm.jpa.HibernateJpaConfiguration' via constructor to bean named 'spring.jpa-org.springframework.boot.autoconfigure.orm.jpa.JpaProperties'
2024-07-28T21:29:41.970+03:00 DEBUG 841292 --- [taskmanagementsystem] [           main] o.s.b.f.s.DefaultListableBeanFactory     : Autowiring by type from bean name 'org.springframework.boot.autoconfigure.orm.jpa.HibernateJpaConfiguration' via constructor to bean named 'org.springframework.beans.factory.support.DefaultListableBeanFactory@3c1e23ff'
2024-07-28T21:29:41.970+03:00 DEBUG 841292 --- [taskmanagementsystem] [           main] o.s.b.f.s.DefaultListableBeanFactory     : Autowiring by type from bean name 'org.springframework.boot.autoconfigure.orm.jpa.HibernateJpaConfiguration' via constructor to bean named 'spring.jpa.hibernate-org.springframework.boot.autoconfigure.orm.jpa.HibernateProperties'
2024-07-28T21:29:41.974+03:00 DEBUG 841292 --- [taskmanagementsystem] [           main] o.s.b.f.s.DefaultListableBeanFactory     : Creating shared instance of singleton bean 'hikariPoolDataSourceMetadataProvider'
2024-07-28T21:29:41.974+03:00 DEBUG 841292 --- [taskmanagementsystem] [           main] o.s.b.f.s.DefaultListableBeanFactory     : Creating shared instance of singleton bean 'org.springframework.boot.autoconfigure.jdbc.metadata.DataSourcePoolMetadataProvidersConfiguration$HikariPoolDataSourceMetadataProviderConfiguration'
2024-07-28T21:29:41.992+03:00 DEBUG 841292 --- [taskmanagementsystem] [           main] o.s.b.f.s.DefaultListableBeanFactory     : Creating shared instance of singleton bean 'entityManagerFactoryBuilder'
2024-07-28T21:29:41.994+03:00 DEBUG 841292 --- [taskmanagementsystem] [           main] o.s.b.f.s.DefaultListableBeanFactory     : Creating shared instance of singleton bean 'jpaVendorAdapter'
2024-07-28T21:29:42.010+03:00 DEBUG 841292 --- [taskmanagementsystem] [           main] o.s.b.f.s.DefaultListableBeanFactory     : Autowiring by type from bean name 'entityManagerFactoryBuilder' via factory method to bean named 'jpaVendorAdapter'
2024-07-28T21:29:42.015+03:00 DEBUG 841292 --- [taskmanagementsystem] [           main] o.s.b.f.s.DefaultListableBeanFactory     : Creating shared instance of singleton bean 'persistenceManagedTypes'
2024-07-28T21:29:42.017+03:00 DEBUG 841292 --- [taskmanagementsystem] [           main] o.s.b.f.s.DefaultListableBeanFactory     : Autowiring by type from bean name 'persistenceManagedTypes' via factory method to bean named 'org.springframework.beans.factory.support.DefaultListableBeanFactory@3c1e23ff'
2024-07-28T21:29:42.017+03:00 DEBUG 841292 --- [taskmanagementsystem] [           main] o.s.b.f.s.DefaultListableBeanFactory     : Autowiring by type from bean name 'persistenceManagedTypes' via factory method to bean named 'org.springframework.web.context.support.GenericWebApplicationContext@21ca139c'
2024-07-28T21:29:42.033+03:00 DEBUG 841292 --- [taskmanagementsystem] [           main] o.s.b.f.s.DefaultListableBeanFactory     : Autowiring by type from bean name 'entityManagerFactory' via factory method to bean named 'entityManagerFactoryBuilder'
2024-07-28T21:29:42.033+03:00 DEBUG 841292 --- [taskmanagementsystem] [           main] o.s.b.f.s.DefaultListableBeanFactory     : Autowiring by type from bean name 'entityManagerFactory' via factory method to bean named 'persistenceManagedTypes'
2024-07-28T21:29:42.052+03:00 DEBUG 841292 --- [taskmanagementsystem] [           main] j.LocalContainerEntityManagerFactoryBean : Building JPA container EntityManagerFactory for persistence unit 'default'
2024-07-28T21:29:42.103+03:00  INFO 841292 --- [taskmanagementsystem] [           main] o.hibernate.jpa.internal.util.LogHelper  : HHH000204: Processing PersistenceUnitInfo [name: default]
2024-07-28T21:29:42.182+03:00  INFO 841292 --- [taskmanagementsystem] [           main] org.hibernate.Version                    : HHH000412: Hibernate ORM core version 6.5.2.Final
2024-07-28T21:29:42.229+03:00  INFO 841292 --- [taskmanagementsystem] [           main] o.h.c.internal.RegionFactoryInitiator    : HHH000026: Second-level cache disabled
2024-07-28T21:29:42.548+03:00  INFO 841292 --- [taskmanagementsystem] [           main] o.s.o.j.p.SpringPersistenceUnitInfo      : No LoadTimeWeaver setup: ignoring JPA class transformer
2024-07-28T21:29:42.574+03:00 DEBUG 841292 --- [taskmanagementsystem] [           main] o.s.j.d.DriverManagerDataSource          : Creating new JDBC DriverManager Connection to [jdbc:mysql://localhost:3307/kamal?useSSL=false]
2024-07-28T21:29:42.780+03:00  WARN 841292 --- [taskmanagementsystem] [           main] org.hibernate.dialect.Dialect            : HHH000511: The 5.5.5 version for [org.hibernate.dialect.MySQLDialect] is no longer supported, hence certain features may not work properly. The minimum supported version is 8.0.0. Check the community dialects project for available legacy versions.
2024-07-28T21:29:42.799+03:00  WARN 841292 --- [taskmanagementsystem] [           main] org.hibernate.orm.deprecation            : HHH90000025: MySQLDialect does not need to be specified explicitly using 'hibernate.dialect' (remove the property setting and it will be selected by default)
2024-07-28T21:29:43.790+03:00  INFO 841292 --- [taskmanagementsystem] [           main] o.h.e.t.j.p.i.JtaPlatformInitiator       : HHH000489: No JTA platform available (set 'hibernate.transaction.jta.platform' to enable JTA platform integration)
2024-07-28T21:29:43.814+03:00 DEBUG 841292 --- [taskmanagementsystem] [           main] o.s.j.d.DriverManagerDataSource          : Creating new JDBC DriverManager Connection to [jdbc:mysql://localhost:3307/kamal?useSSL=false]
2024-07-28T21:29:43.838+03:00  INFO 841292 --- [taskmanagementsystem] [           main] j.LocalContainerEntityManagerFactoryBean : Initialized JPA EntityManagerFactory for persistence unit 'default'
2024-07-28T21:29:43.852+03:00 DEBUG 841292 --- [taskmanagementsystem] [           main] o.s.b.f.s.DefaultListableBeanFactory     : Creating shared instance of singleton bean 'taskmanagementsystemApplication'
2024-07-28T21:29:43.856+03:00 DEBUG 841292 --- [taskmanagementsystem] [           main] o.s.b.f.s.DefaultListableBeanFactory     : Creating shared instance of singleton bean 'authControllerWeb'
2024-07-28T21:29:43.861+03:00 DEBUG 841292 --- [taskmanagementsystem] [           main] o.s.b.f.s.DefaultListableBeanFactory     : Creating shared instance of singleton bean 'tasksController'
2024-07-28T21:29:43.864+03:00 DEBUG 841292 --- [taskmanagementsystem] [           main] o.s.b.f.s.DefaultListableBeanFactory     : Creating shared instance of singleton bean 'tasksCRUD'
2024-07-28T21:29:43.865+03:00 DEBUG 841292 --- [taskmanagementsystem] [           main] o.s.b.f.s.DefaultListableBeanFactory     : Creating shared instance of singleton bean 'tasksAccOp'
2024-07-28T21:29:43.874+03:00 DEBUG 841292 --- [taskmanagementsystem] [           main] o.s.b.f.s.DefaultListableBeanFactory     : Creating shared instance of singleton bean 'jpa.named-queries#2'
2024-07-28T21:29:43.883+03:00 DEBUG 841292 --- [taskmanagementsystem] [           main] o.s.b.f.s.DefaultListableBeanFactory     : Creating shared instance of singleton bean 'jpa.TasksAccOp.fragments#0'
2024-07-28T21:29:43.916+03:00 DEBUG 841292 --- [taskmanagementsystem] [           main] o.s.b.f.s.DefaultListableBeanFactory     : Creating shared instance of singleton bean 'jpaSharedEM_entityManagerFactory'
2024-07-28T21:29:44.041+03:00 DEBUG 841292 --- [taskmanagementsystem] [           main] o.s.b.f.s.DefaultListableBeanFactory     : Creating shared instance of singleton bean 'jpaMappingContext'
2024-07-28T21:29:44.042+03:00 DEBUG 841292 --- [taskmanagementsystem] [           main] .c.JpaMetamodelMappingContextFactoryBean : Initializing JpaMetamodelMappingContext…
2024-07-28T21:29:44.062+03:00 DEBUG 841292 --- [taskmanagementsystem] [           main] .c.JpaMetamodelMappingContextFactoryBean : Finished initializing JpaMetamodelMappingContext
2024-07-28T21:29:44.117+03:00 DEBUG 841292 --- [taskmanagementsystem] [           main] tor$SharedEntityManagerInvocationHandler : Creating new EntityManager for shared EntityManager invocation
2024-07-28T21:29:44.152+03:00 DEBUG 841292 --- [taskmanagementsystem] [           main] tor$SharedEntityManagerInvocationHandler : Creating new EntityManager for shared EntityManager invocation
2024-07-28T21:29:44.164+03:00 DEBUG 841292 --- [taskmanagementsystem] [           main] o.s.b.f.s.DefaultListableBeanFactory     : Creating shared instance of singleton bean 'metricsRepositoryMethodInvocationListener'
2024-07-28T21:29:44.165+03:00 DEBUG 841292 --- [taskmanagementsystem] [           main] o.s.b.f.s.DefaultListableBeanFactory     : Creating shared instance of singleton bean 'org.springframework.boot.actuate.autoconfigure.metrics.data.RepositoryMetricsAutoConfiguration'
2024-07-28T21:29:44.167+03:00 DEBUG 841292 --- [taskmanagementsystem] [           main] o.s.b.f.s.DefaultListableBeanFactory     : Creating shared instance of singleton bean 'management.metrics-org.springframework.boot.actuate.autoconfigure.metrics.MetricsProperties'
2024-07-28T21:29:44.180+03:00 DEBUG 841292 --- [taskmanagementsystem] [           main] o.s.b.f.s.DefaultListableBeanFactory     : Autowiring by type from bean name 'org.springframework.boot.actuate.autoconfigure.metrics.data.RepositoryMetricsAutoConfiguration' via constructor to bean named 'management.metrics-org.springframework.boot.actuate.autoconfigure.metrics.MetricsProperties'
2024-07-28T21:29:44.185+03:00 DEBUG 841292 --- [taskmanagementsystem] [           main] o.s.b.f.s.DefaultListableBeanFactory     : Creating shared instance of singleton bean 'repositoryTagsProvider'
2024-07-28T21:29:44.192+03:00 DEBUG 841292 --- [taskmanagementsystem] [           main] o.s.b.f.s.DefaultListableBeanFactory     : Autowiring by type from bean name 'metricsRepositoryMethodInvocationListener' via factory method to bean named 'repositoryTagsProvider'
2024-07-28T21:29:44.264+03:00 DEBUG 841292 --- [taskmanagementsystem] [           main] o.s.d.r.c.s.RepositoryFactorySupport     : Initializing repository instance for com.backend_xeercise.taskmanagementsystem.dataaccessopject.TasksAccOp…
2024-07-28T21:29:44.283+03:00 DEBUG 841292 --- [taskmanagementsystem] [           main] tor$SharedEntityManagerInvocationHandler : Creating new EntityManager for shared EntityManager invocation
2024-07-28T21:29:44.326+03:00 DEBUG 841292 --- [taskmanagementsystem] [           main] o.s.d.r.c.s.RepositoryFactorySupport     : Finished creation of repository instance for com.backend_xeercise.taskmanagementsystem.dataaccessopject.TasksAccOp.
2024-07-28T21:29:44.395+03:00 DEBUG 841292 --- [taskmanagementsystem] [           main] o.s.b.f.s.DefaultListableBeanFactory     : Creating shared instance of singleton bean 'userRoleController'
2024-07-28T21:29:44.397+03:00 DEBUG 841292 --- [taskmanagementsystem] [           main] o.s.b.f.s.DefaultListableBeanFactory     : Creating shared instance of singleton bean 'userRoleCRUD'
2024-07-28T21:29:44.398+03:00 DEBUG 841292 --- [taskmanagementsystem] [           main] o.s.b.f.s.DefaultListableBeanFactory     : Creating shared instance of singleton bean 'userRoleAccessOpj'
2024-07-28T21:29:44.400+03:00 DEBUG 841292 --- [taskmanagementsystem] [           main] o.s.b.f.s.DefaultListableBeanFactory     : Creating shared instance of singleton bean 'jpa.named-queries#1'
2024-07-28T21:29:44.404+03:00 DEBUG 841292 --- [taskmanagementsystem] [           main] o.s.b.f.s.DefaultListableBeanFactory     : Creating shared instance of singleton bean 'jpa.UserRoleAccessOpj.fragments#0'
2024-07-28T21:29:44.408+03:00 DEBUG 841292 --- [taskmanagementsystem] [           main] tor$SharedEntityManagerInvocationHandler : Creating new EntityManager for shared EntityManager invocation
2024-07-28T21:29:44.415+03:00 DEBUG 841292 --- [taskmanagementsystem] [           main] o.s.d.r.c.s.RepositoryFactorySupport     : Initializing repository instance for com.backend_xeercise.taskmanagementsystem.dataaccessopject.UserRoleAccessOpj…
2024-07-28T21:29:44.416+03:00 DEBUG 841292 --- [taskmanagementsystem] [           main] tor$SharedEntityManagerInvocationHandler : Creating new EntityManager for shared EntityManager invocation
2024-07-28T21:29:44.425+03:00 DEBUG 841292 --- [taskmanagementsystem] [           main] o.s.d.r.c.s.RepositoryFactorySupport     : Finished creation of repository instance for com.backend_xeercise.taskmanagementsystem.dataaccessopject.UserRoleAccessOpj.
2024-07-28T21:29:44.445+03:00 DEBUG 841292 --- [taskmanagementsystem] [           main] o.s.b.f.s.DefaultListableBeanFactory     : Creating shared instance of singleton bean 'usersWebController'
2024-07-28T21:29:44.448+03:00 DEBUG 841292 --- [taskmanagementsystem] [           main] o.s.b.f.s.DefaultListableBeanFactory     : Creating shared instance of singleton bean 'usersCRUD'
2024-07-28T21:29:44.449+03:00 DEBUG 841292 --- [taskmanagementsystem] [           main] o.s.b.f.s.DefaultListableBeanFactory     : Creating shared instance of singleton bean 'usersAccOp'
2024-07-28T21:29:44.451+03:00 DEBUG 841292 --- [taskmanagementsystem] [           main] o.s.b.f.s.DefaultListableBeanFactory     : Creating shared instance of singleton bean 'jpa.named-queries#0'
2024-07-28T21:29:44.453+03:00 DEBUG 841292 --- [taskmanagementsystem] [           main] o.s.b.f.s.DefaultListableBeanFactory     : Creating shared instance of singleton bean 'jpa.UsersAccOp.fragments#0'
2024-07-28T21:29:44.455+03:00 DEBUG 841292 --- [taskmanagementsystem] [           main] tor$SharedEntityManagerInvocationHandler : Creating new EntityManager for shared EntityManager invocation
2024-07-28T21:29:44.462+03:00 DEBUG 841292 --- [taskmanagementsystem] [           main] o.s.d.r.c.s.RepositoryFactorySupport     : Initializing repository instance for com.backend_xeercise.taskmanagementsystem.dataaccessopject.UsersAccOp…
2024-07-28T21:29:44.463+03:00 DEBUG 841292 --- [taskmanagementsystem] [           main] tor$SharedEntityManagerInvocationHandler : Creating new EntityManager for shared EntityManager invocation
2024-07-28T21:29:44.474+03:00 DEBUG 841292 --- [taskmanagementsystem] [           main] o.s.d.r.c.s.RepositoryFactorySupport     : Finished creation of repository instance for com.backend_xeercise.taskmanagementsystem.dataaccessopject.UsersAccOp.
2024-07-28T21:29:44.512+03:00 DEBUG 841292 --- [taskmanagementsystem] [           main] o.s.b.f.s.DefaultListableBeanFactory     : Creating shared instance of singleton bean 'globalExceptionHandler'
2024-07-28T21:29:44.519+03:00 DEBUG 841292 --- [taskmanagementsystem] [           main] o.s.b.f.s.DefaultListableBeanFactory     : Creating shared instance of singleton bean 'authController'
2024-07-28T21:29:44.521+03:00 DEBUG 841292 --- [taskmanagementsystem] [           main] o.s.b.f.s.DefaultListableBeanFactory     : Creating shared instance of singleton bean 'authenticationManager'
2024-07-28T21:29:44.521+03:00 DEBUG 841292 --- [taskmanagementsystem] [           main] o.s.b.f.s.DefaultListableBeanFactory     : Creating shared instance of singleton bean 'securityConfig'
2024-07-28T21:29:44.525+03:00 DEBUG 841292 --- [taskmanagementsystem] [           main] o.s.b.f.s.DefaultListableBeanFactory     : Creating shared instance of singleton bean 'org.springframework.security.config.annotation.authentication.configuration.AuthenticationConfiguration'
2024-07-28T21:29:44.527+03:00 DEBUG 841292 --- [taskmanagementsystem] [           main] o.s.b.f.s.DefaultListableBeanFactory     : Creating shared instance of singleton bean 'enableGlobalAuthenticationAutowiredConfigurer'
2024-07-28T21:29:44.528+03:00 DEBUG 841292 --- [taskmanagementsystem] [           main] o.s.b.f.s.DefaultListableBeanFactory     : Autowiring by type from bean name 'enableGlobalAuthenticationAutowiredConfigurer' via factory method to bean named 'org.springframework.web.context.support.GenericWebApplicationContext@21ca139c'
2024-07-28T21:29:44.530+03:00 DEBUG 841292 --- [taskmanagementsystem] [           main] o.s.b.f.s.DefaultListableBeanFactory     : Creating shared instance of singleton bean 'initializeUserDetailsBeanManagerConfigurer'
2024-07-28T21:29:44.530+03:00 DEBUG 841292 --- [taskmanagementsystem] [           main] o.s.b.f.s.DefaultListableBeanFactory     : Autowiring by type from bean name 'initializeUserDetailsBeanManagerConfigurer' via factory method to bean named 'org.springframework.web.context.support.GenericWebApplicationContext@21ca139c'
2024-07-28T21:29:44.532+03:00 DEBUG 841292 --- [taskmanagementsystem] [           main] o.s.b.f.s.DefaultListableBeanFactory     : Creating shared instance of singleton bean 'initializeAuthenticationProviderBeanManagerConfigurer'
2024-07-28T21:29:44.532+03:00 DEBUG 841292 --- [taskmanagementsystem] [           main] o.s.b.f.s.DefaultListableBeanFactory     : Autowiring by type from bean name 'initializeAuthenticationProviderBeanManagerConfigurer' via factory method to bean named 'org.springframework.web.context.support.GenericWebApplicationContext@21ca139c'
2024-07-28T21:29:44.535+03:00 DEBUG 841292 --- [taskmanagementsystem] [           main] o.s.b.f.s.DefaultListableBeanFactory     : Creating shared instance of singleton bean 'objectPostProcessor'
2024-07-28T21:29:44.536+03:00 DEBUG 841292 --- [taskmanagementsystem] [           main] o.s.b.f.s.DefaultListableBeanFactory     : Creating shared instance of singleton bean 'org.springframework.security.config.annotation.configuration.ObjectPostProcessorConfiguration'
2024-07-28T21:29:44.538+03:00 DEBUG 841292 --- [taskmanagementsystem] [           main] o.s.b.f.s.DefaultListableBeanFactory     : Autowiring by type from bean name 'objectPostProcessor' via factory method to bean named 'org.springframework.beans.factory.support.DefaultListableBeanFactory@3c1e23ff'
2024-07-28T21:29:44.542+03:00 DEBUG 841292 --- [taskmanagementsystem] [           main] o.s.b.f.s.DefaultListableBeanFactory     : Autowiring by type from bean name 'authenticationManager' via factory method to bean named 'org.springframework.security.config.annotation.authentication.configuration.AuthenticationConfiguration'
2024-07-28T21:29:44.542+03:00 DEBUG 841292 --- [taskmanagementsystem] [           main] o.s.b.f.s.DefaultListableBeanFactory     : Creating shared instance of singleton bean 'authenticationManagerBuilder'
2024-07-28T21:29:44.543+03:00 DEBUG 841292 --- [taskmanagementsystem] [           main] o.s.b.f.s.DefaultListableBeanFactory     : Autowiring by type from bean name 'authenticationManagerBuilder' via factory method to bean named 'objectPostProcessor'
2024-07-28T21:29:44.543+03:00 DEBUG 841292 --- [taskmanagementsystem] [           main] o.s.b.f.s.DefaultListableBeanFactory     : Autowiring by type from bean name 'authenticationManagerBuilder' via factory method to bean named 'org.springframework.web.context.support.GenericWebApplicationContext@21ca139c'
2024-07-28T21:29:44.544+03:00 DEBUG 841292 --- [taskmanagementsystem] [           main] o.s.b.f.s.DefaultListableBeanFactory     : Creating shared instance of singleton bean 'authenticationEventPublisher'
2024-07-28T21:29:44.544+03:00 DEBUG 841292 --- [taskmanagementsystem] [           main] o.s.b.f.s.DefaultListableBeanFactory     : Creating shared instance of singleton bean 'org.springframework.boot.autoconfigure.security.servlet.SecurityAutoConfiguration'
2024-07-28T21:29:44.546+03:00 DEBUG 841292 --- [taskmanagementsystem] [           main] o.s.b.f.s.DefaultListableBeanFactory     : Autowiring by type from bean name 'authenticationEventPublisher' via factory method to bean named 'org.springframework.web.context.support.GenericWebApplicationContext@21ca139c'
2024-07-28T21:29:44.570+03:00 DEBUG 841292 --- [taskmanagementsystem] [           main] o.s.b.f.s.DefaultListableBeanFactory     : Creating shared instance of singleton bean 'customUserDetailsService'
2024-07-28T21:29:44.572+03:00 DEBUG 841292 --- [taskmanagementsystem] [           main] o.s.b.f.s.DefaultListableBeanFactory     : Creating shared instance of singleton bean 'jdbcTemplate'
2024-07-28T21:29:44.572+03:00 DEBUG 841292 --- [taskmanagementsystem] [           main] o.s.b.f.s.DefaultListableBeanFactory     : Creating shared instance of singleton bean 'org.springframework.boot.autoconfigure.jdbc.JdbcTemplateConfiguration'
2024-07-28T21:29:44.575+03:00 DEBUG 841292 --- [taskmanagementsystem] [           main] o.s.b.f.s.DefaultListableBeanFactory     : Creating shared instance of singleton bean 'spring.jdbc-org.springframework.boot.autoconfigure.jdbc.JdbcProperties'
2024-07-28T21:29:44.578+03:00 DEBUG 841292 --- [taskmanagementsystem] [           main] o.s.b.f.s.DefaultListableBeanFactory     : Autowiring by type from bean name 'jdbcTemplate' via factory method to bean named 'getDataSource'
2024-07-28T21:29:44.578+03:00 DEBUG 841292 --- [taskmanagementsystem] [           main] o.s.b.f.s.DefaultListableBeanFactory     : Autowiring by type from bean name 'jdbcTemplate' via factory method to bean named 'spring.jdbc-org.springframework.boot.autoconfigure.jdbc.JdbcProperties'
2024-07-28T21:29:44.616+03:00 DEBUG 841292 --- [taskmanagementsystem] [           main] o.s.b.f.s.DefaultListableBeanFactory     : Creating shared instance of singleton bean 'passwordEncoder'
2024-07-28T21:29:44.625+03:00  INFO 841292 --- [taskmanagementsystem] [           main] r$InitializeUserDetailsManagerConfigurer : Global AuthenticationManager configured with UserDetailsService bean with name customUserDetailsService
2024-07-28T21:29:44.629+03:00 DEBUG 841292 --- [taskmanagementsystem] [           main] o.s.b.f.s.DefaultListableBeanFactory     : Creating shared instance of singleton bean 'tasksRestController'
2024-07-28T21:29:44.633+03:00 DEBUG 841292 --- [taskmanagementsystem] [           main] o.s.b.f.s.DefaultListableBeanFactory     : Creating shared instance of singleton bean 'userRoleRestController'
2024-07-28T21:29:44.636+03:00 DEBUG 841292 --- [taskmanagementsystem] [           main] o.s.b.f.s.DefaultListableBeanFactory     : Creating shared instance of singleton bean 'usersRestController'
2024-07-28T21:29:44.639+03:00 DEBUG 841292 --- [taskmanagementsystem] [           main] o.s.b.f.s.DefaultListableBeanFactory     : Creating shared instance of singleton bean 'org.springframework.web.servlet.config.annotation.DelegatingWebMvcConfiguration'
2024-07-28T21:29:44.643+03:00 DEBUG 841292 --- [taskmanagementsystem] [           main] o.s.b.f.s.DefaultListableBeanFactory     : Creating shared instance of singleton bean 'org.springframework.security.config.annotation.web.configuration.WebMvcSecurityConfiguration'
2024-07-28T21:29:44.648+03:00 DEBUG 841292 --- [taskmanagementsystem] [           main] o.s.b.f.s.DefaultListableBeanFactory     : Creating shared instance of singleton bean 'openEntityManagerInViewInterceptorConfigurer'
2024-07-28T21:29:44.649+03:00 DEBUG 841292 --- [taskmanagementsystem] [           main] o.s.b.f.s.DefaultListableBeanFactory     : Creating shared instance of singleton bean 'org.springframework.boot.autoconfigure.orm.jpa.JpaBaseConfiguration$JpaWebConfiguration'
2024-07-28T21:29:44.650+03:00 DEBUG 841292 --- [taskmanagementsystem] [           main] o.s.b.f.s.DefaultListableBeanFactory     : Autowiring by type from bean name 'org.springframework.boot.autoconfigure.orm.jpa.JpaBaseConfiguration$JpaWebConfiguration' via constructor to bean named 'spring.jpa-org.springframework.boot.autoconfigure.orm.jpa.JpaProperties'
2024-07-28T21:29:44.652+03:00 DEBUG 841292 --- [taskmanagementsystem] [           main] o.s.b.f.s.DefaultListableBeanFactory     : Creating shared instance of singleton bean 'openEntityManagerInViewInterceptor'
2024-07-28T21:29:44.653+03:00  WARN 841292 --- [taskmanagementsystem] [           main] JpaBaseConfiguration$JpaWebConfiguration : spring.jpa.open-in-view is enabled by default. Therefore, database queries may be performed during view rendering. Explicitly configure spring.jpa.open-in-view to disable this warning
2024-07-28T21:29:44.658+03:00 DEBUG 841292 --- [taskmanagementsystem] [           main] o.s.b.f.s.DefaultListableBeanFactory     : Autowiring by type from bean name 'openEntityManagerInViewInterceptorConfigurer' via factory method to bean named 'openEntityManagerInViewInterceptor'
2024-07-28T21:29:44.661+03:00 DEBUG 841292 --- [taskmanagementsystem] [           main] o.s.b.f.s.DefaultListableBeanFactory     : Creating shared instance of singleton bean 'org.springframework.data.web.config.SpringDataWebConfiguration'
2024-07-28T21:29:44.663+03:00 DEBUG 841292 --- [taskmanagementsystem] [           main] o.s.b.f.s.DefaultListableBeanFactory     : Autowiring by type from bean name 'org.springframework.data.web.config.SpringDataWebConfiguration' via constructor to bean named 'org.springframework.web.context.support.GenericWebApplicationContext@21ca139c'
2024-07-28T21:29:44.667+03:00 DEBUG 841292 --- [taskmanagementsystem] [           main] o.s.b.f.s.DefaultListableBeanFactory     : Creating shared instance of singleton bean 'endpointObjectMapperWebMvcConfigurer'
2024-07-28T21:29:44.669+03:00 DEBUG 841292 --- [taskmanagementsystem] [           main] o.s.b.f.s.DefaultListableBeanFactory     : Creating shared instance of singleton bean 'endpointObjectMapper'
2024-07-28T21:29:44.669+03:00 DEBUG 841292 --- [taskmanagementsystem] [           main] o.s.b.f.s.DefaultListableBeanFactory     : Creating shared instance of singleton bean 'org.springframework.boot.actuate.autoconfigure.endpoint.jackson.JacksonEndpointAutoConfiguration'
2024-07-28T21:29:44.673+03:00 DEBUG 841292 --- [taskmanagementsystem] [           main] o.s.b.f.s.DefaultListableBeanFactory     : Autowiring by type from bean name 'endpointObjectMapperWebMvcConfigurer' via factory method to bean named 'endpointObjectMapper'
2024-07-28T21:29:44.683+03:00 DEBUG 841292 --- [taskmanagementsystem] [           main] o.s.b.f.s.DefaultListableBeanFactory     : Creating shared instance of singleton bean 'requestMappingHandlerMapping'
2024-07-28T21:29:44.685+03:00 DEBUG 841292 --- [taskmanagementsystem] [           main] o.s.b.f.s.DefaultListableBeanFactory     : Creating shared instance of singleton bean 'mvcContentNegotiationManager'
2024-07-28T21:29:44.692+03:00 DEBUG 841292 --- [taskmanagementsystem] [           main] o.s.b.f.s.DefaultListableBeanFactory     : Creating shared instance of singleton bean 'mvcConversionService'
2024-07-28T21:29:44.705+03:00 DEBUG 841292 --- [taskmanagementsystem] [           main] o.s.b.f.s.DefaultListableBeanFactory     : Creating shared instance of singleton bean 'mvcResourceUrlProvider'
2024-07-28T21:29:44.711+03:00 DEBUG 841292 --- [taskmanagementsystem] [           main] o.s.b.f.s.DefaultListableBeanFactory     : Autowiring by type from bean name 'requestMappingHandlerMapping' via factory method to bean named 'mvcContentNegotiationManager'
2024-07-28T21:29:44.711+03:00 DEBUG 841292 --- [taskmanagementsystem] [           main] o.s.b.f.s.DefaultListableBeanFactory     : Autowiring by type from bean name 'requestMappingHandlerMapping' via factory method to bean named 'mvcConversionService'
2024-07-28T21:29:44.711+03:00 DEBUG 841292 --- [taskmanagementsystem] [           main] o.s.b.f.s.DefaultListableBeanFactory     : Autowiring by type from bean name 'requestMappingHandlerMapping' via factory method to bean named 'mvcResourceUrlProvider'
2024-07-28T21:29:44.844+03:00 DEBUG 841292 --- [taskmanagementsystem] [           main] s.w.s.m.m.a.RequestMappingHandlerMapping : 46 mappings in 'requestMappingHandlerMapping'
2024-07-28T21:29:44.867+03:00 DEBUG 841292 --- [taskmanagementsystem] [           main] o.s.b.f.s.DefaultListableBeanFactory     : Creating shared instance of singleton bean 'mvcPatternParser'
2024-07-28T21:29:44.869+03:00 DEBUG 841292 --- [taskmanagementsystem] [           main] o.s.b.f.s.DefaultListableBeanFactory     : Creating shared instance of singleton bean 'mvcUrlPathHelper'
2024-07-28T21:29:44.872+03:00 DEBUG 841292 --- [taskmanagementsystem] [           main] o.s.b.f.s.DefaultListableBeanFactory     : Creating shared instance of singleton bean 'mvcPathMatcher'
2024-07-28T21:29:44.877+03:00 DEBUG 841292 --- [taskmanagementsystem] [           main] o.s.b.f.s.DefaultListableBeanFactory     : Creating shared instance of singleton bean 'viewControllerHandlerMapping'
2024-07-28T21:29:44.879+03:00 DEBUG 841292 --- [taskmanagementsystem] [           main] o.s.b.f.s.DefaultListableBeanFactory     : Autowiring by type from bean name 'viewControllerHandlerMapping' via factory method to bean named 'mvcConversionService'
2024-07-28T21:29:44.879+03:00 DEBUG 841292 --- [taskmanagementsystem] [           main] o.s.b.f.s.DefaultListableBeanFactory     : Autowiring by type from bean name 'viewControllerHandlerMapping' via factory method to bean named 'mvcResourceUrlProvider'
2024-07-28T21:29:44.881+03:00 DEBUG 841292 --- [taskmanagementsystem] [           main] o.s.b.f.s.DefaultListableBeanFactory     : Creating shared instance of singleton bean 'beanNameHandlerMapping'
2024-07-28T21:29:44.882+03:00 DEBUG 841292 --- [taskmanagementsystem] [           main] o.s.b.f.s.DefaultListableBeanFactory     : Autowiring by type from bean name 'beanNameHandlerMapping' via factory method to bean named 'mvcConversionService'
2024-07-28T21:29:44.883+03:00 DEBUG 841292 --- [taskmanagementsystem] [           main] o.s.b.f.s.DefaultListableBeanFactory     : Autowiring by type from bean name 'beanNameHandlerMapping' via factory method to bean named 'mvcResourceUrlProvider'
2024-07-28T21:29:44.896+03:00 DEBUG 841292 --- [taskmanagementsystem] [           main] o.s.b.f.s.DefaultListableBeanFactory     : Creating shared instance of singleton bean 'routerFunctionMapping'
2024-07-28T21:29:44.897+03:00 DEBUG 841292 --- [taskmanagementsystem] [           main] o.s.b.f.s.DefaultListableBeanFactory     : Autowiring by type from bean name 'routerFunctionMapping' via factory method to bean named 'mvcConversionService'
2024-07-28T21:29:44.898+03:00 DEBUG 841292 --- [taskmanagementsystem] [           main] o.s.b.f.s.DefaultListableBeanFactory     : Autowiring by type from bean name 'routerFunctionMapping' via factory method to bean named 'mvcResourceUrlProvider'
2024-07-28T21:29:44.904+03:00 DEBUG 841292 --- [taskmanagementsystem] [           main] o.s.b.f.s.DefaultListableBeanFactory     : Creating shared instance of singleton bean 'jacksonObjectMapper'
2024-07-28T21:29:44.904+03:00 DEBUG 841292 --- [taskmanagementsystem] [           main] o.s.b.f.s.DefaultListableBeanFactory     : Creating shared instance of singleton bean 'org.springframework.boot.autoconfigure.jackson.JacksonAutoConfiguration$JacksonObjectMapperConfiguration'
2024-07-28T21:29:44.908+03:00 DEBUG 841292 --- [taskmanagementsystem] [           main] o.s.b.f.s.DefaultListableBeanFactory     : Creating shared instance of singleton bean 'org.springframework.boot.autoconfigure.jackson.JacksonAutoConfiguration$JacksonObjectMapperBuilderConfiguration'
2024-07-28T21:29:44.911+03:00 DEBUG 841292 --- [taskmanagementsystem] [           main] o.s.b.f.s.DefaultListableBeanFactory     : Creating shared instance of singleton bean 'standardJacksonObjectMapperBuilderCustomizer'
2024-07-28T21:29:44.911+03:00 DEBUG 841292 --- [taskmanagementsystem] [           main] o.s.b.f.s.DefaultListableBeanFactory     : Creating shared instance of singleton bean 'org.springframework.boot.autoconfigure.jackson.JacksonAutoConfiguration$Jackson2ObjectMapperBuilderCustomizerConfiguration'
2024-07-28T21:29:44.914+03:00 DEBUG 841292 --- [taskmanagementsystem] [           main] o.s.b.f.s.DefaultListableBeanFactory     : Creating shared instance of singleton bean 'spring.jackson-org.springframework.boot.autoconfigure.jackson.JacksonProperties'
2024-07-28T21:29:44.927+03:00 DEBUG 841292 --- [taskmanagementsystem] [           main] o.s.b.f.s.DefaultListableBeanFactory     : Autowiring by type from bean name 'standardJacksonObjectMapperBuilderCustomizer' via factory method to bean named 'spring.jackson-org.springframework.boot.autoconfigure.jackson.JacksonProperties'
2024-07-28T21:29:44.928+03:00 DEBUG 841292 --- [taskmanagementsystem] [           main] o.s.b.f.s.DefaultListableBeanFactory     : Creating shared instance of singleton bean 'parameterNamesModule'
2024-07-28T21:29:44.931+03:00 DEBUG 841292 --- [taskmanagementsystem] [           main] o.s.b.f.s.DefaultListableBeanFactory     : Creating shared instance of singleton bean 'org.springframework.boot.autoconfigure.jackson.JacksonAutoConfiguration$ParameterNamesModuleConfiguration'
2024-07-28T21:29:44.942+03:00 DEBUG 841292 --- [taskmanagementsystem] [           main] o.s.b.f.s.DefaultListableBeanFactory     : Creating shared instance of singleton bean 'jsonMixinModule'
2024-07-28T21:29:44.942+03:00 DEBUG 841292 --- [taskmanagementsystem] [           main] o.s.b.f.s.DefaultListableBeanFactory     : Creating shared instance of singleton bean 'org.springframework.boot.autoconfigure.jackson.JacksonAutoConfiguration$JacksonMixinConfiguration'
2024-07-28T21:29:44.945+03:00 DEBUG 841292 --- [taskmanagementsystem] [           main] o.s.b.f.s.DefaultListableBeanFactory     : Creating shared instance of singleton bean 'jsonMixinModuleEntries'
2024-07-28T21:29:44.945+03:00 DEBUG 841292 --- [taskmanagementsystem] [           main] o.s.b.f.s.DefaultListableBeanFactory     : Autowiring by type from bean name 'jsonMixinModuleEntries' via factory method to bean named 'org.springframework.web.context.support.GenericWebApplicationContext@21ca139c'
2024-07-28T21:29:44.956+03:00 DEBUG 841292 --- [taskmanagementsystem] [           main] o.s.b.f.s.DefaultListableBeanFactory     : Autowiring by type from bean name 'jsonMixinModule' via factory method to bean named 'org.springframework.web.context.support.GenericWebApplicationContext@21ca139c'
2024-07-28T21:29:44.956+03:00 DEBUG 841292 --- [taskmanagementsystem] [           main] o.s.b.f.s.DefaultListableBeanFactory     : Autowiring by type from bean name 'jsonMixinModule' via factory method to bean named 'jsonMixinModuleEntries'
2024-07-28T21:29:44.963+03:00 DEBUG 841292 --- [taskmanagementsystem] [           main] o.s.b.f.s.DefaultListableBeanFactory     : Creating shared instance of singleton bean 'jsonComponentModule'
2024-07-28T21:29:44.964+03:00 DEBUG 841292 --- [taskmanagementsystem] [           main] o.s.b.f.s.DefaultListableBeanFactory     : Creating shared instance of singleton bean 'org.springframework.boot.autoconfigure.jackson.JacksonAutoConfiguration'
2024-07-28T21:29:44.984+03:00 DEBUG 841292 --- [taskmanagementsystem] [           main] o.s.b.f.s.DefaultListableBeanFactory     : Creating shared instance of singleton bean 'jacksonGeoModule'
2024-07-28T21:29:44.984+03:00 DEBUG 841292 --- [taskmanagementsystem] [           main] o.s.b.f.s.DefaultListableBeanFactory     : Creating shared instance of singleton bean 'org.springframework.data.web.config.SpringDataJacksonConfiguration'
2024-07-28T21:29:44.988+03:00 DEBUG 841292 --- [taskmanagementsystem] [           main] o.s.b.f.s.DefaultListableBeanFactory     : Creating shared instance of singleton bean 'org.springframework.data.web.config.SpringDataWebSettings'
2024-07-28T21:29:45.015+03:00 DEBUG 841292 --- [taskmanagementsystem] [           main] o.s.b.f.s.DefaultListableBeanFactory     : Creating shared instance of singleton bean 'pageModule'
2024-07-28T21:29:45.028+03:00 DEBUG 841292 --- [taskmanagementsystem] [           main] o.s.b.f.s.DefaultListableBeanFactory     : Autowiring by type from bean name 'jacksonObjectMapperBuilder' via factory method to bean named 'org.springframework.web.context.support.GenericWebApplicationContext@21ca139c'
2024-07-28T21:29:45.032+03:00 DEBUG 841292 --- [taskmanagementsystem] [           main] o.s.b.f.s.DefaultListableBeanFactory     : Autowiring by type from bean name 'jacksonObjectMapperBuilder' via factory method to bean named 'standardJacksonObjectMapperBuilderCustomizer'
2024-07-28T21:29:45.042+03:00 DEBUG 841292 --- [taskmanagementsystem] [           main] o.s.b.f.s.DefaultListableBeanFactory     : Autowiring by type from bean name 'jacksonObjectMapper' via factory method to bean named 'jacksonObjectMapperBuilder'
2024-07-28T21:29:45.164+03:00 DEBUG 841292 --- [taskmanagementsystem] [           main] o.s.b.f.s.DefaultListableBeanFactory     : Creating shared instance of singleton bean 'resourceHandlerMapping'
2024-07-28T21:29:45.165+03:00 DEBUG 841292 --- [taskmanagementsystem] [           main] o.s.b.f.s.DefaultListableBeanFactory     : Autowiring by type from bean name 'resourceHandlerMapping' via factory method to bean named 'mvcContentNegotiationManager'
2024-07-28T21:29:45.165+03:00 DEBUG 841292 --- [taskmanagementsystem] [           main] o.s.b.f.s.DefaultListableBeanFactory     : Autowiring by type from bean name 'resourceHandlerMapping' via factory method to bean named 'mvcConversionService'
2024-07-28T21:29:45.165+03:00 DEBUG 841292 --- [taskmanagementsystem] [           main] o.s.b.f.s.DefaultListableBeanFactory     : Autowiring by type from bean name 'resourceHandlerMapping' via factory method to bean named 'mvcResourceUrlProvider'
2024-07-28T21:29:45.166+03:00 DEBUG 841292 --- [taskmanagementsystem] [           main] o.s.b.f.s.DefaultListableBeanFactory     : Creating shared instance of singleton bean 'defaultServletHandlerMapping'
2024-07-28T21:29:45.167+03:00 DEBUG 841292 --- [taskmanagementsystem] [           main] o.s.b.f.s.DefaultListableBeanFactory     : Creating shared instance of singleton bean 'requestMappingHandlerAdapter'
2024-07-28T21:29:45.169+03:00 DEBUG 841292 --- [taskmanagementsystem] [           main] o.s.b.f.s.DefaultListableBeanFactory     : Creating shared instance of singleton bean 'mvcValidator'
2024-07-28T21:29:45.188+03:00 DEBUG 841292 --- [taskmanagementsystem] [           main] o.s.b.f.s.DefaultListableBeanFactory     : Autowiring by type from bean name 'requestMappingHandlerAdapter' via factory method to bean named 'mvcContentNegotiationManager'
2024-07-28T21:29:45.188+03:00 DEBUG 841292 --- [taskmanagementsystem] [           main] o.s.b.f.s.DefaultListableBeanFactory     : Autowiring by type from bean name 'requestMappingHandlerAdapter' via factory method to bean named 'mvcConversionService'
2024-07-28T21:29:45.189+03:00 DEBUG 841292 --- [taskmanagementsystem] [           main] o.s.b.f.s.DefaultListableBeanFactory     : Autowiring by type from bean name 'requestMappingHandlerAdapter' via factory method to bean named 'mvcValidator'
2024-07-28T21:29:45.203+03:00 DEBUG 841292 --- [taskmanagementsystem] [           main] o.s.b.f.s.DefaultListableBeanFactory     : Creating shared instance of singleton bean 'sortResolver'
2024-07-28T21:29:45.205+03:00 DEBUG 841292 --- [taskmanagementsystem] [           main] o.s.b.f.s.DefaultListableBeanFactory     : Creating shared instance of singleton bean 'sortCustomizer'
2024-07-28T21:29:45.205+03:00 DEBUG 841292 --- [taskmanagementsystem] [           main] o.s.b.f.s.DefaultListableBeanFactory     : Creating shared instance of singleton bean 'org.springframework.boot.autoconfigure.data.web.SpringDataWebAutoConfiguration'
2024-07-28T21:29:45.206+03:00 DEBUG 841292 --- [taskmanagementsystem] [           main] o.s.b.f.s.DefaultListableBeanFactory     : Creating shared instance of singleton bean 'spring.data.web-org.springframework.boot.autoconfigure.data.web.SpringDataWebProperties'
2024-07-28T21:29:45.211+03:00 DEBUG 841292 --- [taskmanagementsystem] [           main] o.s.b.f.s.DefaultListableBeanFactory     : Autowiring by type from bean name 'org.springframework.boot.autoconfigure.data.web.SpringDataWebAutoConfiguration' via constructor to bean named 'spring.data.web-org.springframework.boot.autoconfigure.data.web.SpringDataWebProperties'
2024-07-28T21:29:45.219+03:00 DEBUG 841292 --- [taskmanagementsystem] [           main] o.s.b.f.s.DefaultListableBeanFactory     : Creating shared instance of singleton bean 'pageableResolver'
2024-07-28T21:29:45.222+03:00 DEBUG 841292 --- [taskmanagementsystem] [           main] o.s.b.f.s.DefaultListableBeanFactory     : Creating shared instance of singleton bean 'pageableCustomizer'
2024-07-28T21:29:45.252+03:00 DEBUG 841292 --- [taskmanagementsystem] [           main] s.w.s.m.m.a.RequestMappingHandlerAdapter : ControllerAdvice beans: 0 @ModelAttribute, 0 @InitBinder, 1 RequestBodyAdvice, 1 ResponseBodyAdvice
2024-07-28T21:29:45.306+03:00 DEBUG 841292 --- [taskmanagementsystem] [           main] o.s.b.f.s.DefaultListableBeanFactory     : Creating shared instance of singleton bean 'handlerFunctionAdapter'
2024-07-28T21:29:45.310+03:00 DEBUG 841292 --- [taskmanagementsystem] [           main] o.s.b.f.s.DefaultListableBeanFactory     : Creating shared instance of singleton bean 'mvcUriComponentsContributor'
2024-07-28T21:29:45.311+03:00 DEBUG 841292 --- [taskmanagementsystem] [           main] o.s.b.f.s.DefaultListableBeanFactory     : Autowiring by type from bean name 'mvcUriComponentsContributor' via factory method to bean named 'mvcConversionService'
2024-07-28T21:29:45.312+03:00 DEBUG 841292 --- [taskmanagementsystem] [           main] o.s.b.f.s.DefaultListableBeanFactory     : Autowiring by type from bean name 'mvcUriComponentsContributor' via factory method to bean named 'requestMappingHandlerAdapter'
2024-07-28T21:29:45.315+03:00 DEBUG 841292 --- [taskmanagementsystem] [           main] o.s.b.f.s.DefaultListableBeanFactory     : Creating shared instance of singleton bean 'httpRequestHandlerAdapter'
2024-07-28T21:29:45.317+03:00 DEBUG 841292 --- [taskmanagementsystem] [           main] o.s.b.f.s.DefaultListableBeanFactory     : Creating shared instance of singleton bean 'simpleControllerHandlerAdapter'
2024-07-28T21:29:45.319+03:00 DEBUG 841292 --- [taskmanagementsystem] [           main] o.s.b.f.s.DefaultListableBeanFactory     : Creating shared instance of singleton bean 'handlerExceptionResolver'
2024-07-28T21:29:45.319+03:00 DEBUG 841292 --- [taskmanagementsystem] [           main] o.s.b.f.s.DefaultListableBeanFactory     : Autowiring by type from bean name 'handlerExceptionResolver' via factory method to bean named 'mvcContentNegotiationManager'
2024-07-28T21:29:45.325+03:00 DEBUG 841292 --- [taskmanagementsystem] [           main] .m.m.a.ExceptionHandlerExceptionResolver : ControllerAdvice beans: 1 @ExceptionHandler, 1 ResponseBodyAdvice
2024-07-28T21:29:45.329+03:00 DEBUG 841292 --- [taskmanagementsystem] [           main] o.s.b.f.s.DefaultListableBeanFactory     : Creating shared instance of singleton bean 'mvcViewResolver'
2024-07-28T21:29:45.329+03:00 DEBUG 841292 --- [taskmanagementsystem] [           main] o.s.b.f.s.DefaultListableBeanFactory     : Autowiring by type from bean name 'mvcViewResolver' via factory method to bean named 'mvcContentNegotiationManager'
2024-07-28T21:29:45.334+03:00 DEBUG 841292 --- [taskmanagementsystem] [           main] o.s.b.f.s.DefaultListableBeanFactory     : Creating shared instance of singleton bean 'localeResolver'
2024-07-28T21:29:45.337+03:00 DEBUG 841292 --- [taskmanagementsystem] [           main] o.s.b.f.s.DefaultListableBeanFactory     : Creating shared instance of singleton bean 'themeResolver'
2024-07-28T21:29:45.341+03:00 DEBUG 841292 --- [taskmanagementsystem] [           main] o.s.b.f.s.DefaultListableBeanFactory     : Creating shared instance of singleton bean 'flashMapManager'
2024-07-28T21:29:45.345+03:00 DEBUG 841292 --- [taskmanagementsystem] [           main] o.s.b.f.s.DefaultListableBeanFactory     : Creating shared instance of singleton bean 'viewNameTranslator'
2024-07-28T21:29:45.348+03:00 DEBUG 841292 --- [taskmanagementsystem] [           main] o.s.b.f.s.DefaultListableBeanFactory     : Creating shared instance of singleton bean 'viewResolver'
2024-07-28T21:29:45.359+03:00 DEBUG 841292 --- [taskmanagementsystem] [           main] o.s.b.f.s.DefaultListableBeanFactory     : Creating shared instance of singleton bean 'springSecurityDialect'
2024-07-28T21:29:45.367+03:00 DEBUG 841292 --- [taskmanagementsystem] [           main] o.s.b.f.s.DefaultListableBeanFactory     : Creating shared instance of singleton bean 'org.springframework.security.config.annotation.web.configuration.WebSecurityConfiguration'
2024-07-28T21:29:45.371+03:00 DEBUG 841292 --- [taskmanagementsystem] [           main] o.s.b.f.s.DefaultListableBeanFactory     : Creating shared instance of singleton bean 'org.springframework.security.config.annotation.web.configuration.HttpSecurityConfiguration'
2024-07-28T21:29:45.448+03:00 DEBUG 841292 --- [taskmanagementsystem] [           main] o.s.b.f.s.DefaultListableBeanFactory     : Creating shared instance of singleton bean 'observationRegistry'
2024-07-28T21:29:45.448+03:00 DEBUG 841292 --- [taskmanagementsystem] [           main] o.s.b.f.s.DefaultListableBeanFactory     : Creating shared instance of singleton bean 'org.springframework.boot.actuate.autoconfigure.observation.ObservationAutoConfiguration'
2024-07-28T21:29:45.454+03:00 DEBUG 841292 --- [taskmanagementsystem] [           main] o.s.b.f.s.DefaultListableBeanFactory     : Creating shared instance of singleton bean 'propertiesObservationFilter'
2024-07-28T21:29:45.455+03:00 DEBUG 841292 --- [taskmanagementsystem] [           main] o.s.b.f.s.DefaultListableBeanFactory     : Creating shared instance of singleton bean 'management.observations-org.springframework.boot.actuate.autoconfigure.observation.ObservationProperties'
2024-07-28T21:29:45.462+03:00 DEBUG 841292 --- [taskmanagementsystem] [           main] o.s.b.f.s.DefaultListableBeanFactory     : Autowiring by type from bean name 'propertiesObservationFilter' via factory method to bean named 'management.observations-org.springframework.boot.actuate.autoconfigure.observation.ObservationProperties'
2024-07-28T21:29:45.471+03:00 DEBUG 841292 --- [taskmanagementsystem] [           main] o.s.b.f.s.DefaultListableBeanFactory     : Creating shared instance of singleton bean 'metricsObservationHandlerGrouping'
2024-07-28T21:29:45.472+03:00 DEBUG 841292 --- [taskmanagementsystem] [           main] o.s.b.f.s.DefaultListableBeanFactory     : Creating shared instance of singleton bean 'org.springframework.boot.actuate.autoconfigure.observation.ObservationAutoConfiguration$OnlyMetricsConfiguration'
2024-07-28T21:29:45.478+03:00 DEBUG 841292 --- [taskmanagementsystem] [           main] o.s.b.f.s.DefaultListableBeanFactory     : Creating shared instance of singleton bean 'defaultMeterObservationHandler'
2024-07-28T21:29:45.478+03:00 DEBUG 841292 --- [taskmanagementsystem] [           main] o.s.b.f.s.DefaultListableBeanFactory     : Creating shared instance of singleton bean 'org.springframework.boot.actuate.autoconfigure.observation.ObservationAutoConfiguration$MeterObservationHandlerConfiguration$OnlyMetricsMeterObservationHandlerConfiguration'
2024-07-28T21:29:45.481+03:00 DEBUG 841292 --- [taskmanagementsystem] [           main] o.s.b.f.s.DefaultListableBeanFactory     : Creating shared instance of singleton bean 'simpleMeterRegistry'
2024-07-28T21:29:45.481+03:00 DEBUG 841292 --- [taskmanagementsystem] [           main] o.s.b.f.s.DefaultListableBeanFactory     : Creating shared instance of singleton bean 'org.springframework.boot.actuate.autoconfigure.metrics.export.simple.SimpleMetricsExportAutoConfiguration'
2024-07-28T21:29:45.484+03:00 DEBUG 841292 --- [taskmanagementsystem] [           main] o.s.b.f.s.DefaultListableBeanFactory     : Creating shared instance of singleton bean 'simpleConfig'
2024-07-28T21:29:45.485+03:00 DEBUG 841292 --- [taskmanagementsystem] [           main] o.s.b.f.s.DefaultListableBeanFactory     : Creating shared instance of singleton bean 'management.simple.metrics.export-org.springframework.boot.actuate.autoconfigure.metrics.export.simple.SimpleProperties'
2024-07-28T21:29:45.489+03:00 DEBUG 841292 --- [taskmanagementsystem] [           main] o.s.b.f.s.DefaultListableBeanFactory     : Autowiring by type from bean name 'simpleConfig' via factory method to bean named 'management.simple.metrics.export-org.springframework.boot.actuate.autoconfigure.metrics.export.simple.SimpleProperties'
2024-07-28T21:29:45.499+03:00 DEBUG 841292 --- [taskmanagementsystem] [           main] o.s.b.f.s.DefaultListableBeanFactory     : Creating shared instance of singleton bean 'micrometerClock'
2024-07-28T21:29:45.499+03:00 DEBUG 841292 --- [taskmanagementsystem] [           main] o.s.b.f.s.DefaultListableBeanFactory     : Creating shared instance of singleton bean 'org.springframework.boot.actuate.autoconfigure.metrics.MetricsAutoConfiguration'
2024-07-28T21:29:45.502+03:00 DEBUG 841292 --- [taskmanagementsystem] [           main] o.s.b.f.s.DefaultListableBeanFactory     : Autowiring by type from bean name 'simpleMeterRegistry' via factory method to bean named 'simpleConfig'
2024-07-28T21:29:45.503+03:00 DEBUG 841292 --- [taskmanagementsystem] [           main] o.s.b.f.s.DefaultListableBeanFactory     : Autowiring by type from bean name 'simpleMeterRegistry' via factory method to bean named 'micrometerClock'
2024-07-28T21:29:45.540+03:00 DEBUG 841292 --- [taskmanagementsystem] [           main] o.s.b.f.s.DefaultListableBeanFactory     : Creating shared instance of singleton bean 'propertiesMeterFilter'
2024-07-28T21:29:45.540+03:00 DEBUG 841292 --- [taskmanagementsystem] [           main] o.s.b.f.s.DefaultListableBeanFactory     : Autowiring by type from bean name 'propertiesMeterFilter' via factory method to bean named 'management.metrics-org.springframework.boot.actuate.autoconfigure.metrics.MetricsProperties'
2024-07-28T21:29:45.548+03:00 DEBUG 841292 --- [taskmanagementsystem] [           main] o.s.b.f.s.DefaultListableBeanFactory     : Creating shared instance of singleton bean 'metricsHttpClientUriTagFilter'
2024-07-28T21:29:45.549+03:00 DEBUG 841292 --- [taskmanagementsystem] [           main] o.s.b.f.s.DefaultListableBeanFactory     : Creating shared instance of singleton bean 'org.springframework.boot.actuate.autoconfigure.observation.web.client.HttpClientObservationsAutoConfiguration$MeterFilterConfiguration'
2024-07-28T21:29:45.550+03:00 DEBUG 841292 --- [taskmanagementsystem] [           main] o.s.b.f.s.DefaultListableBeanFactory     : Autowiring by type from bean name 'metricsHttpClientUriTagFilter' via factory method to bean named 'management.observations-org.springframework.boot.actuate.autoconfigure.observation.ObservationProperties'
2024-07-28T21:29:45.551+03:00 DEBUG 841292 --- [taskmanagementsystem] [           main] o.s.b.f.s.DefaultListableBeanFactory     : Autowiring by type from bean name 'metricsHttpClientUriTagFilter' via factory method to bean named 'management.metrics-org.springframework.boot.actuate.autoconfigure.metrics.MetricsProperties'
2024-07-28T21:29:45.555+03:00 DEBUG 841292 --- [taskmanagementsystem] [           main] o.s.b.f.s.DefaultListableBeanFactory     : Creating shared instance of singleton bean 'metricsHttpServerUriTagFilter'
2024-07-28T21:29:45.555+03:00 DEBUG 841292 --- [taskmanagementsystem] [           main] o.s.b.f.s.DefaultListableBeanFactory     : Creating shared instance of singleton bean 'org.springframework.boot.actuate.autoconfigure.observation.web.servlet.WebMvcObservationAutoConfiguration$MeterFilterConfiguration'
2024-07-28T21:29:45.560+03:00 DEBUG 841292 --- [taskmanagementsystem] [           main] o.s.b.f.s.DefaultListableBeanFactory     : Autowiring by type from bean name 'metricsHttpServerUriTagFilter' via factory method to bean named 'management.observations-org.springframework.boot.actuate.autoconfigure.observation.ObservationProperties'
2024-07-28T21:29:45.560+03:00 DEBUG 841292 --- [taskmanagementsystem] [           main] o.s.b.f.s.DefaultListableBeanFactory     : Autowiring by type from bean name 'metricsHttpServerUriTagFilter' via factory method to bean named 'management.metrics-org.springframework.boot.actuate.autoconfigure.metrics.MetricsProperties'
2024-07-28T21:29:45.573+03:00 DEBUG 841292 --- [taskmanagementsystem] [           main] o.s.b.f.s.DefaultListableBeanFactory     : Autowiring by type from bean name 'defaultMeterObservationHandler' via factory method to bean named 'simpleMeterRegistry'
2024-07-28T21:29:45.573+03:00 DEBUG 841292 --- [taskmanagementsystem] [           main] o.s.b.f.s.DefaultListableBeanFactory     : Autowiring by type from bean name 'defaultMeterObservationHandler' via factory method to bean named 'management.observations-org.springframework.boot.actuate.autoconfigure.observation.ObservationProperties'
[...]

   SpringBootWebSecurityConfiguration.WebSecurityEnablerConfiguration:
      Did not match:
         - @ConditionalOnMissingBean (names: springSecurityFilterChain; SearchStrategy: all) found beans named springSecurityFilterChain (OnBeanCondition)
      Matched:
         - @ConditionalOnClass found required class 'org.springframework.security.config.annotation.web.configuration.EnableWebSecurity' (OnClassCondition)

   StackdriverMetricsExportAutoConfiguration:
      Did not match:
         - @ConditionalOnClass did not find required class 'io.micrometer.stackdriver.StackdriverMeterRegistry' (OnClassCondition)

   StartupEndpointAutoConfiguration:
      Did not match:
         - ApplicationStartup configured applicationStartup is of type class org.springframework.core.metrics.DefaultApplicationStartup, expected BufferingApplicationStartup. (StartupEndpointAutoConfiguration.ApplicationStartupCondition)

   StatsdMetricsExportAutoConfiguration:
      Did not match:
         - @ConditionalOnClass did not find required class 'io.micrometer.statsd.StatsdMeterRegistry' (OnClassCondition)

   TaskExecutorConfigurations.SimpleAsyncTaskExecutorBuilderConfiguration#simpleAsyncTaskExecutorBuilderVirtualThreads:
      Did not match:
         - @ConditionalOnMissingBean (types: org.springframework.boot.task.SimpleAsyncTaskExecutorBuilder; SearchStrategy: all) found beans of type 'org.springframework.boot.task.SimpleAsyncTaskExecutorBuilder' simpleAsyncTaskExecutorBuilder (OnBeanCondition)

   TaskExecutorConfigurations.TaskExecutorConfiguration#applicationTaskExecutorVirtualThreads:
      Did not match:
         - @ConditionalOnThreading did not find VIRTUAL (OnThreadingCondition)

   TaskSchedulingAutoConfiguration#scheduledBeanLazyInitializationExcludeFilter:
      Did not match:
         - @ConditionalOnBean (names: org.springframework.context.annotation.internalScheduledAnnotationProcessor; SearchStrategy: all) did not find any beans named org.springframework.context.annotation.internalScheduledAnnotationProcessor (OnBeanCondition)

   TaskSchedulingConfigurations.SimpleAsyncTaskSchedulerBuilderConfiguration#simpleAsyncTaskSchedulerBuilderVirtualThreads:
      Did not match:
         - @ConditionalOnMissingBean (types: org.springframework.boot.task.SimpleAsyncTaskSchedulerBuilder; SearchStrategy: all) found beans of type 'org.springframework.boot.task.SimpleAsyncTaskSchedulerBuilder' simpleAsyncTaskSchedulerBuilder (OnBeanCondition)

   TaskSchedulingConfigurations.TaskSchedulerConfiguration:
      Did not match:
         - @ConditionalOnBean (names: org.springframework.context.annotation.internalScheduledAnnotationProcessor; SearchStrategy: all) did not find any beans named org.springframework.context.annotation.internalScheduledAnnotationProcessor (OnBeanCondition)

   TemplateEngineConfigurations.ReactiveTemplateEngineConfiguration:
      Did not match:
         - did not find reactive web application classes (OnWebApplicationCondition)

   ThreadDumpEndpointAutoConfiguration:
      Did not match:
         - @ConditionalOnAvailableEndpoint no 'management.endpoints' property marked it as exposed (OnAvailableEndpointCondition)

   ThymeleafAutoConfiguration.DataAttributeDialectConfiguration:
      Did not match:
         - @ConditionalOnClass did not find required class 'com.github.mxab.thymeleaf.extras.dataattribute.dialect.DataAttributeDialect' (OnClassCondition)

   ThymeleafAutoConfiguration.ThymeleafSecurityDialectConfiguration#securityDialect:
      Did not match:
         - @ConditionalOnMissingBean (types: org.thymeleaf.extras.springsecurity6.dialect.SpringSecurityDialect; SearchStrategy: all) found beans of type 'org.thymeleaf.extras.springsecurity6.dialect.SpringSecurityDialect' springSecurityDialect (OnBeanCondition)

   ThymeleafAutoConfiguration.ThymeleafWebFluxConfiguration:
      Did not match:
         - did not find reactive web application classes (OnWebApplicationCondition)

   ThymeleafAutoConfiguration.ThymeleafWebLayoutConfiguration:
      Did not match:
         - @ConditionalOnClass did not find required class 'nz.net.ultraq.thymeleaf.layoutdialect.LayoutDialect' (OnClassCondition)

   ThymeleafAutoConfiguration.ThymeleafWebMvcConfiguration#resourceUrlEncodingFilter:
      Did not match:
         - @ConditionalOnEnabledResourceChain did not find class org.webjars.WebJarAssetLocator (OnEnabledResourceChainCondition)

   TransactionAutoConfiguration#transactionalOperator:
      Did not match:
         - @ConditionalOnSingleCandidate (types: org.springframework.transaction.ReactiveTransactionManager; SearchStrategy: all) did not find any beans (OnBeanCondition)

   TransactionAutoConfiguration.AspectJTransactionManagementConfiguration:
      Did not match:
         - @ConditionalOnBean (types: org.springframework.transaction.aspectj.AbstractTransactionAspect; SearchStrategy: all) did not find any beans of type org.springframework.transaction.aspectj.AbstractTransactionAspect (OnBeanCondition)

   TransactionAutoConfiguration.EnableTransactionManagementConfiguration.JdkDynamicAutoProxyConfiguration:
      Did not match:
         - @ConditionalOnProperty (spring.aop.proxy-target-class=false) did not find property 'proxy-target-class' (OnPropertyCondition)

   UserDetailsServiceAutoConfiguration:
      Did not match:
         - @ConditionalOnMissingBean (types: org.springframework.security.authentication.AuthenticationManager,org.springframework.security.authentication.AuthenticationProvider,org.springframework.security.core.userdetails.UserDetailsService,org.springframework.security.authentication.AuthenticationManagerResolver,org.springframework.security.oauth2.jwt.JwtDecoder; SearchStrategy: all) found beans of type 'org.springframework.security.authentication.AuthenticationManager' authenticationManager and found beans of type 'org.springframework.security.core.userdetails.UserDetailsService' customUserDetailsService (OnBeanCondition)
      Matched:
         - @ConditionalOnClass found required class 'org.springframework.security.authentication.AuthenticationManager' (OnClassCondition)
         - AnyNestedCondition 1 matched 2 did not; NestedCondition on UserDetailsServiceAutoConfiguration.MissingAlternativeOrUserPropertiesConfigured.PasswordConfigured @ConditionalOnProperty (spring.security.user.password) did not find property 'password'; NestedCondition on UserDetailsServiceAutoConfiguration.MissingAlternativeOrUserPropertiesConfigured.NameConfigured @ConditionalOnProperty (spring.security.user.name) did not find property 'name'; NestedCondition on UserDetailsServiceAutoConfiguration.MissingAlternativeOrUserPropertiesConfigured.MissingAlternative @ConditionalOnMissingClass did not find unwanted classes 'org.springframework.security.oauth2.client.registration.ClientRegistrationRepository', 'org.springframework.security.oauth2.server.resource.introspection.OpaqueTokenIntrospector', 'org.springframework.security.saml2.provider.service.registration.RelyingPartyRegistrationRepository' (UserDetailsServiceAutoConfiguration.MissingAlternativeOrUserPropertiesConfigured)

   WavefrontAutoConfiguration:
      Did not match:
         - @ConditionalOnClass did not find required class 'com.wavefront.sdk.common.application.ApplicationTags' (OnClassCondition)

   WavefrontMetricsExportAutoConfiguration:
      Did not match:
         - @ConditionalOnClass did not find required class 'com.wavefront.sdk.common.WavefrontSender' (OnClassCondition)

   WavefrontTracingAutoConfiguration:
      Did not match:
         - @ConditionalOnClass did not find required class 'com.wavefront.sdk.common.WavefrontSender' (OnClassCondition)

   WebClientAutoConfiguration:
      Did not match:
         - @ConditionalOnClass did not find required class 'org.springframework.web.reactive.function.client.WebClient' (OnClassCondition)

   WebClientObservationConfiguration:
      Did not match:
         - @ConditionalOnClass did not find required class 'org.springframework.web.reactive.function.client.WebClient' (OnClassCondition)

   WebFluxAutoConfiguration:
      Did not match:
         - @ConditionalOnClass did not find required class 'org.springframework.web.reactive.config.WebFluxConfigurer' (OnClassCondition)

   WebFluxEndpointManagementContextConfiguration:
      Did not match:
         - @ConditionalOnClass did not find required class 'org.springframework.web.reactive.DispatcherHandler' (OnClassCondition)

   WebFluxObservationAutoConfiguration:
      Did not match:
         - @ConditionalOnWebApplication did not find reactive web application classes (OnWebApplicationCondition)

   WebMvcAutoConfiguration:
      Did not match:
         - @ConditionalOnMissingBean (types: org.springframework.web.servlet.config.annotation.WebMvcConfigurationSupport; SearchStrategy: all) found beans of type 'org.springframework.web.servlet.config.annotation.WebMvcConfigurationSupport' org.springframework.web.servlet.config.annotation.DelegatingWebMvcConfiguration (OnBeanCondition)
      Matched:
         - @ConditionalOnClass found required classes 'jakarta.servlet.Servlet', 'org.springframework.web.servlet.DispatcherServlet', 'org.springframework.web.servlet.config.annotation.WebMvcConfigurer' (OnClassCondition)
         - found 'session' scope (OnWebApplicationCondition)

   WebMvcAutoConfiguration.ProblemDetailsErrorHandlingConfiguration:
      Did not match:
         - @ConditionalOnProperty (spring.mvc.problemdetails.enabled=true) did not find property 'enabled' (OnPropertyCondition)
         - Ancestor org.springframework.boot.autoconfigure.web.servlet.WebMvcAutoConfiguration did not match (ConditionEvaluationReport.AncestorsMatchedCondition)

   WebMvcAutoConfiguration.ResourceChainCustomizerConfiguration:
      Did not match:
         - @ConditionalOnEnabledResourceChain did not find class org.webjars.WebJarAssetLocator (OnEnabledResourceChainCondition)
         - Ancestor org.springframework.boot.autoconfigure.web.servlet.WebMvcAutoConfiguration did not match (ConditionEvaluationReport.AncestorsMatchedCondition)

   WebMvcEndpointManagementContextConfiguration#managementHealthEndpointWebMvcHandlerMapping:
      Did not match:
         - Management Port actual port type (SAME) did not match required type (DIFFERENT) (OnManagementPortCondition)

   WebServiceTemplateAutoConfiguration:
      Did not match:
         - @ConditionalOnClass did not find required class 'org.springframework.oxm.Marshaller' (OnClassCondition)

   WebServicesAutoConfiguration:
      Did not match:
         - @ConditionalOnClass did not find required class 'org.springframework.ws.transport.http.MessageDispatcherServlet' (OnClassCondition)

   WebSessionIdResolverAutoConfiguration:
      Did not match:
         - @ConditionalOnClass did not find required class 'reactor.core.publisher.Mono' (OnClassCondition)

   WebSocketMessagingAutoConfiguration:
      Did not match:
         - @ConditionalOnClass did not find required class 'org.springframework.web.socket.config.annotation.WebSocketMessageBrokerConfigurer' (OnClassCondition)

   WebSocketReactiveAutoConfiguration:
      Did not match:
         - @ConditionalOnWebApplication did not find reactive web application classes (OnWebApplicationCondition)

   WebSocketServletAutoConfiguration.JettyWebSocketConfiguration:
      Did not match:
         - @ConditionalOnClass did not find required class 'org.eclipse.jetty.ee10.websocket.jakarta.server.config.JakartaWebSocketServletContainerInitializer' (OnClassCondition)

   WebSocketServletAutoConfiguration.UndertowWebSocketConfiguration:
      Did not match:
         - @ConditionalOnClass did not find required class 'io.undertow.websockets.jsr.Bootstrap' (OnClassCondition)

   XADataSourceAutoConfiguration:
      Did not match:
         - @ConditionalOnBean (types: org.springframework.boot.jdbc.XADataSourceWrapper; SearchStrategy: all) did not find any beans of type org.springframework.boot.jdbc.XADataSourceWrapper (OnBeanCondition)
      Matched:
         - @ConditionalOnClass found required classes 'javax.sql.DataSource', 'jakarta.transaction.TransactionManager', 'org.springframework.jdbc.datasource.embedded.EmbeddedDatabaseType' (OnClassCondition)

   ZipkinAutoConfiguration:
      Did not match:
         - @ConditionalOnClass did not find required class 'zipkin2.reporter.Encoding' (OnClassCondition)


Exclusions:
-----------

    None


Unconditional classes:
----------------------

    org.springframework.boot.autoconfigure.context.ConfigurationPropertiesAutoConfiguration

    org.springframework.boot.actuate.autoconfigure.availability.AvailabilityHealthContributorAutoConfiguration

    org.springframework.boot.autoconfigure.ssl.SslAutoConfiguration

    org.springframework.boot.actuate.autoconfigure.info.InfoContributorAutoConfiguration

    org.springframework.boot.autoconfigure.context.PropertyPlaceholderAutoConfiguration

    org.springframework.boot.autoconfigure.context.LifecycleAutoConfiguration

    org.springframework.boot.actuate.autoconfigure.metrics.integration.IntegrationMetricsAutoConfiguration

    org.springframework.boot.actuate.autoconfigure.endpoint.EndpointAutoConfiguration

    org.springframework.boot.actuate.autoconfigure.web.server.ManagementContextAutoConfiguration

    org.springframework.boot.actuate.autoconfigure.health.HealthContributorAutoConfiguration

    org.springframework.boot.actuate.autoconfigure.endpoint.jackson.JacksonEndpointAutoConfiguration

    org.springframework.boot.autoconfigure.availability.ApplicationAvailabilityAutoConfiguration

    org.springframework.boot.autoconfigure.info.ProjectInfoAutoConfiguration



2024-07-28T21:29:46.767+03:00  INFO 841292 --- [taskmanagementsystem] [           main] b.t.TaskmanagementsystemApplicationTests : Started TaskmanagementsystemApplicationTests in 8.892 seconds (process running for 10.469)
2024-07-28T21:29:46.862+03:00 DEBUG 841292 --- [taskmanagementsystem] [           main] o.s.b.a.ApplicationAvailabilityBean      : Application availability state LivenessState changed to CORRECT
2024-07-28T21:29:46.865+03:00 DEBUG 841292 --- [taskmanagementsystem] [           main] o.s.boot.devtools.restart.Restarter      : Creating new Restarter for thread Thread[main,5,main]
2024-07-28T21:29:46.866+03:00 DEBUG 841292 --- [taskmanagementsystem] [           main] o.s.b.a.ApplicationAvailabilityBean      : Application availability state ReadinessState changed to ACCEPTING_TRAFFIC
2024-07-28T21:29:46.869+03:00 DEBUG 841292 --- [taskmanagementsystem] [           main] org.springframework.test.context.cache   : Spring test ApplicationContext cache statistics: [DefaultContextCache@5784f6b9 size = 1, maxSize = 32, parentContextCount = 0, hitCount = 0, missCount = 1, failureCount = 0]
2024-07-28T21:29:46.870+03:00 DEBUG 841292 --- [taskmanagementsystem] [           main] o.s.t.c.w.ServletTestExecutionListener   : Setting up MockHttpServletRequest, MockHttpServletResponse, ServletWebRequest, and RequestContextHolder for test class com.backend_xeercise.taskmanagementsystem.TaskmanagementsystemApplicationTests
2024-07-28T21:29:46.886+03:00 DEBUG 841292 --- [taskmanagementsystem] [           main] DependencyInjectionTestExecutionListener : Performing dependency injection for test class com.backend_xeercise.taskmanagementsystem.TaskmanagementsystemApplicationTests
2024-07-28T21:29:46.886+03:00 DEBUG 841292 --- [taskmanagementsystem] [           main] org.springframework.test.context.cache   : Spring test ApplicationContext cache statistics: [DefaultContextCache@5784f6b9 size = 1, maxSize = 32, parentContextCount = 0, hitCount = 1, missCount = 1, failureCount = 0]
2024-07-28T21:29:46.889+03:00 DEBUG 841292 --- [taskmanagementsystem] [           main] org.springframework.test.context.cache   : Spring test ApplicationContext cache statistics: [DefaultContextCache@5784f6b9 size = 1, maxSize = 32, parentContextCount = 0, hitCount = 2, missCount = 1, failureCount = 0]
2024-07-28T21:29:46.898+03:00 DEBUG 841292 --- [taskmanagementsystem] [           main] sContextBeforeModesTestExecutionListener : Before test method: class [TaskmanagementsystemApplicationTests], method [contextLoads], class annotated with @DirtiesContext [false] with mode [null], method annotated with @DirtiesContext [false] with mode [null]
2024-07-28T21:29:46.900+03:00 DEBUG 841292 --- [taskmanagementsystem] [           main] org.springframework.test.context.cache   : Spring test ApplicationContext cache statistics: [DefaultContextCache@5784f6b9 size = 1, maxSize = 32, parentContextCount = 0, hitCount = 3, missCount = 1, failureCount = 0]
2024-07-28T21:29:46.901+03:00 DEBUG 841292 --- [taskmanagementsystem] [           main] org.springframework.test.context.cache   : Spring test ApplicationContext cache statistics: [DefaultContextCache@5784f6b9 size = 1, maxSize = 32, parentContextCount = 0, hitCount = 4, missCount = 1, failureCount = 0]
2024-07-28T21:29:47.404+03:00 DEBUG 841292 --- [taskmanagementsystem] [           main] org.springframework.test.context.cache   : Spring test ApplicationContext cache statistics: [DefaultContextCache@5784f6b9 size = 1, maxSize = 32, parentContextCount = 0, hitCount = 5, missCount = 1, failureCount = 0]
2024-07-28T21:29:47.410+03:00 DEBUG 841292 --- [taskmanagementsystem] [           main] org.springframework.test.context.cache   : Spring test ApplicationContext cache statistics: [DefaultContextCache@5784f6b9 size = 1, maxSize = 32, parentContextCount = 0, hitCount = 6, missCount = 1, failureCount = 0]
2024-07-28T21:29:47.411+03:00 DEBUG 841292 --- [taskmanagementsystem] [           main] org.springframework.test.context.cache   : Spring test ApplicationContext cache statistics: [DefaultContextCache@5784f6b9 size = 1, maxSize = 32, parentContextCount = 0, hitCount = 7, missCount = 1, failureCount = 0]
2024-07-28T21:29:47.412+03:00 DEBUG 841292 --- [taskmanagementsystem] [           main] org.springframework.test.context.cache   : Spring test ApplicationContext cache statistics: [DefaultContextCache@5784f6b9 size = 1, maxSize = 32, parentContextCount = 0, hitCount = 8, missCount = 1, failureCount = 0]
2024-07-28T21:29:47.412+03:00 DEBUG 841292 --- [taskmanagementsystem] [           main] org.springframework.test.context.cache   : Spring test ApplicationContext cache statistics: [DefaultContextCache@5784f6b9 size = 1, maxSize = 32, parentContextCount = 0, hitCount = 9, missCount = 1, failureCount = 0]
2024-07-28T21:29:47.413+03:00 DEBUG 841292 --- [taskmanagementsystem] [           main] org.springframework.test.context.cache   : Spring test ApplicationContext cache statistics: [DefaultContextCache@5784f6b9 size = 1, maxSize = 32, parentContextCount = 0, hitCount = 10, missCount = 1, failureCount = 0]
2024-07-28T21:29:47.416+03:00 DEBUG 841292 --- [taskmanagementsystem] [           main] org.springframework.test.context.cache   : Spring test ApplicationContext cache statistics: [DefaultContextCache@5784f6b9 size = 1, maxSize = 32, parentContextCount = 0, hitCount = 11, missCount = 1, failureCount = 0]
2024-07-28T21:29:47.417+03:00 DEBUG 841292 --- [taskmanagementsystem] [           main] .c.s.DirtiesContextTestExecutionListener : After test method: class [TaskmanagementsystemApplicationTests], method [contextLoads], class annotated with @DirtiesContext [false] with mode [null], method annotated with @DirtiesContext [false] with mode [null]
2024-07-28T21:29:47.417+03:00 DEBUG 841292 --- [taskmanagementsystem] [           main] o.s.t.c.w.ServletTestExecutionListener   : Resetting RequestContextHolder for test class com.backend_xeercise.taskmanagementsystem.TaskmanagementsystemApplicationTests
]]></system-out>
  </testcase>
</testsuite>